#
# There is insufficient memory for the Java Runtime Environment to continue.
# Native memory allocation (malloc) failed to allocate 711696 bytes for Chunk::new
# Possible reasons:
#   The system is out of physical RAM or swap space
#   The process is running with CompressedOops enabled, and the Java Heap may be blocking the growth of the native heap
# Possible solutions:
#   Reduce memory load on the system
#   Increase physical memory or swap space
#   Check if swap backing store is full
#   Decrease Java heap size (-Xmx/-Xms)
#   Decrease number of Java threads
#   Decrease Java thread stack sizes (-Xss)
#   Set larger code cache with -XX:ReservedCodeCacheSize=
#   JVM is running with Unscaled Compressed Oops mode in which the Java heap is
#     placed in the first 4GB address space. The Java Heap base address is the
#     maximum limit for the native heap growth. Please use -XX:HeapBaseMinAddress
#     to set the Java Heap base and to place the Java Heap above 4GB virtual address.
# This output file may be truncated or incomplete.
#
#  Out of Memory Error (arena.cpp:184), pid=13404, tid=19952
#
# JRE version: Java(TM) SE Runtime Environment (18.0.2.1+1) (build 18.0.2.1+1-1)
# Java VM: Java HotSpot(TM) 64-Bit Server VM (18.0.2.1+1-1, mixed mode, sharing, tiered, compressed oops, compressed class ptrs, g1 gc, windows-amd64)
# No core dump will be written. Minidumps are not enabled by default on client versions of Windows
#

---------------  S U M M A R Y ------------

Command Line: -Dfile.encoding=UTF-8 --module-path=C:\Users\USER\Documents\NetBeansProjects\Electricity Billing System\build\classes electricity.billing.system.Signup

Host: Intel(R) Core(TM) i3-7020U CPU @ 2.30GHz, 4 cores, 3G,  Windows 10 , 64 bit Build 19041 (10.0.19041.2364)
Time: Thu Jan 12 14:22:56 2023 GMT Standard Time elapsed time: 0.805771 seconds (0d 0h 0m 0s)

---------------  T H R E A D  ---------------

Current thread (0x00000203cab33320):  JavaThread "C2 CompilerThread1" daemon [_thread_in_native, id=19952, stack(0x0000005fcd900000,0x0000005fcda00000)]


Current CompileTask:
C2:    805  752       4       sun.awt.image.PNGImageDecoder::filterRow (460 bytes)

Stack: [0x0000005fcd900000,0x0000005fcda00000]
Native frames: (J=compiled Java code, j=interpreted, Vv=VM code, C=native code)
V  [jvm.dll+0x6993aa]
V  [jvm.dll+0x7f46dd]
V  [jvm.dll+0x7f5fee]
V  [jvm.dll+0x7f66a3]
V  [jvm.dll+0x25cf1f]
V  [jvm.dll+0xb8c2f]
V  [jvm.dll+0xb8fa5]
V  [jvm.dll+0x2c7e2f]
V  [jvm.dll+0x5a0d8e]
V  [jvm.dll+0x2388de]
V  [jvm.dll+0x231ea5]
V  [jvm.dll+0x22f3cb]
V  [jvm.dll+0x1ba01c]
V  [jvm.dll+0x23ee0a]
V  [jvm.dll+0x23d0f5]
V  [jvm.dll+0x7a6dd1]
V  [jvm.dll+0x7a120a]
V  [jvm.dll+0x698255]
C  [ucrtbase.dll+0x21bb2]
C  [KERNEL32.DLL+0x17614]
C  [ntdll.dll+0x526a1]


---------------  P R O C E S S  ---------------

Threads class SMR info:
_java_thread_list=0x00000203caafc090, length=17, elements={
0x00000203ab2305f0, 0x00000203ab2d1250, 0x00000203ab2d1dc0, 0x00000203ab2e81d0,
0x00000203ab2e9e90, 0x00000203ab2ea740, 0x00000203ab2ed180, 0x00000203ab2f0600,
0x00000203ab2f8f00, 0x00000203ab2fd630, 0x00000203ca820850, 0x00000203ca8beca0,
0x00000203ca9bed90, 0x00000203ca9c1d10, 0x00000203ca9c4c90, 0x00000203cab12220,
0x00000203cab33320
}

Java Threads: ( => current thread )
  0x00000203ab2305f0 JavaThread "main" [_thread_blocked, id=13264, stack(0x0000005fcc200000,0x0000005fcc300000)]
  0x00000203ab2d1250 JavaThread "Reference Handler" daemon [_thread_blocked, id=20204, stack(0x0000005fcc900000,0x0000005fcca00000)]
  0x00000203ab2d1dc0 JavaThread "Finalizer" daemon [_thread_blocked, id=612, stack(0x0000005fcca00000,0x0000005fccb00000)]
  0x00000203ab2e81d0 JavaThread "Signal Dispatcher" daemon [_thread_blocked, id=14112, stack(0x0000005fccb00000,0x0000005fccc00000)]
  0x00000203ab2e9e90 JavaThread "Attach Listener" daemon [_thread_blocked, id=19496, stack(0x0000005fccc00000,0x0000005fccd00000)]
  0x00000203ab2ea740 JavaThread "Service Thread" daemon [_thread_blocked, id=18224, stack(0x0000005fccd00000,0x0000005fcce00000)]
  0x00000203ab2ed180 JavaThread "Monitor Deflation Thread" daemon [_thread_blocked, id=19628, stack(0x0000005fcce00000,0x0000005fccf00000)]
  0x00000203ab2f0600 JavaThread "C2 CompilerThread0" daemon [_thread_in_native, id=4964, stack(0x0000005fccf00000,0x0000005fcd000000)]
  0x00000203ab2f8f00 JavaThread "C1 CompilerThread0" daemon [_thread_blocked, id=19208, stack(0x0000005fcd000000,0x0000005fcd100000)]
  0x00000203ab2fd630 JavaThread "Sweeper thread" daemon [_thread_blocked, id=15588, stack(0x0000005fcd100000,0x0000005fcd200000)]
  0x00000203ca820850 JavaThread "Common-Cleaner" daemon [_thread_blocked, id=13988, stack(0x0000005fcd200000,0x0000005fcd300000)]
  0x00000203ca8beca0 JavaThread "Notification Thread" daemon [_thread_blocked, id=18612, stack(0x0000005fcd300000,0x0000005fcd400000)]
  0x00000203ca9bed90 JavaThread "Java2D Disposer" daemon [_thread_blocked, id=18708, stack(0x0000005fcd500000,0x0000005fcd600000)]
  0x00000203ca9c1d10 JavaThread "AWT-Shutdown" [_thread_blocked, id=12692, stack(0x0000005fcd600000,0x0000005fcd700000)]
  0x00000203ca9c4c90 JavaThread "AWT-Windows" daemon [_thread_in_native, id=19244, stack(0x0000005fcd700000,0x0000005fcd800000)]
  0x00000203cab12220 JavaThread "Image Fetcher 0" daemon [_thread_in_Java, id=17676, stack(0x0000005fcd800000,0x0000005fcd900000)]
=>0x00000203cab33320 JavaThread "C2 CompilerThread1" daemon [_thread_in_native, id=19952, stack(0x0000005fcd900000,0x0000005fcda00000)]

Other Threads:
  0x00000203ab2847f0 VMThread "VM Thread" [stack: 0x0000005fcc800000,0x0000005fcc900000] [id=16616]
  0x00000203ca8c4190 WatcherThread "VM Periodic Task Thread" [stack: 0x0000005fcd400000,0x0000005fcd500000] [id=19748]
  0x00000203ab270b70 WorkerThread "GC Thread#0" [stack: 0x0000005fcc300000,0x0000005fcc400000] [id=20060]
  0x00000203ab2795f0 ConcurrentGCThread "G1 Main Marker" [stack: 0x0000005fcc400000,0x0000005fcc500000] [id=20056]
  0x00000203ab27b6a0 WorkerThread "G1 Conc#0" [stack: 0x0000005fcc500000,0x0000005fcc600000] [id=14000]
  0x00000203ab2a9000 ConcurrentGCThread "G1 Refine#0" [stack: 0x0000005fcc600000,0x0000005fcc700000] [id=20164]
  0x00000203ab2a9820 ConcurrentGCThread "G1 Service" [stack: 0x0000005fcc700000,0x0000005fcc800000] [id=19640]

Threads with active compile tasks:
C2 CompilerThread0      860  760   !   4       sun.awt.image.PNGImageDecoder::produceImage (1917 bytes)
C2 CompilerThread1      860  752       4       sun.awt.image.PNGImageDecoder::filterRow (460 bytes)

VM state: not at safepoint (normal execution)

VM Mutex/Monitor currently owned by a thread: None

Heap address: 0x00000000c1e00000, size: 994 MB, Compressed Oops mode: 32-bit

CDS archive(s) mapped at: [0x0000000800000000-0x0000000800ba0000-0x0000000800ba0000), size 12189696, SharedBaseAddress: 0x0000000800000000, ArchiveRelocationMode: 0.
Compressed class space mapped at: 0x0000000800c00000-0x0000000840c00000, reserved size: 1073741824
Narrow klass base: 0x0000000800000000, Narrow klass shift: 0, Narrow klass range: 0x100000000

GC Precious Log:
 CardTable entry size: 512
 Card Set container configuration: InlinePtr #cards 5 size 8 Array Of Cards #cards 12 size 40 Howl #buckets 4 coarsen threshold 1843 Howl Bitmap #cards 512 size 80 coarsen threshold 460 Card regions per heap region 1 cards per card region 2048
 CPUs: 4 total, 4 available
 Memory: 3974M
 Large Page Support: Disabled
 NUMA Support: Disabled
 Compressed Oops: Enabled (32-bit)
 Heap Region Size: 1M
 Heap Min Capacity: 8M
 Heap Initial Capacity: 64M
 Heap Max Capacity: 994M
 Pre-touch: Disabled
 Parallel Workers: 4
 Concurrent Workers: 1
 Concurrent Refinement Workers: 4
 Periodic GC: Disabled

Heap:
 garbage-first heap   total 65536K, used 11264K [0x00000000c1e00000, 0x0000000100000000)
  region size 1024K, 9 young (9216K), 0 survivors (0K)
 Metaspace       used 5823K, committed 6016K, reserved 1114112K
  class space    used 637K, committed 768K, reserved 1048576K

Heap Regions: E=young(eden), S=young(survivor), O=old, HS=humongous(starts), HC=humongous(continues), CS=collection set, F=free, OA=open archive, CA=closed archive, TAMS=top-at-mark-start (previous, next)
|   0|0x00000000c1e00000, 0x00000000c1f00000, 0x00000000c1f00000|100%|HS|  |TAMS 0x00000000c1e00000, 0x00000000c1e00000| Complete 
|   1|0x00000000c1f00000, 0x00000000c2000000, 0x00000000c2000000|100%|HC|  |TAMS 0x00000000c1f00000, 0x00000000c1f00000| Complete 
|   2|0x00000000c2000000, 0x00000000c2100000, 0x00000000c2100000|100%|HC|  |TAMS 0x00000000c2000000, 0x00000000c2000000| Complete 
|   3|0x00000000c2100000, 0x00000000c2100000, 0x00000000c2200000|  0%| F|  |TAMS 0x00000000c2100000, 0x00000000c2100000| Untracked 
|   4|0x00000000c2200000, 0x00000000c2200000, 0x00000000c2300000|  0%| F|  |TAMS 0x00000000c2200000, 0x00000000c2200000| Untracked 
|   5|0x00000000c2300000, 0x00000000c2300000, 0x00000000c2400000|  0%| F|  |TAMS 0x00000000c2300000, 0x00000000c2300000| Untracked 
|   6|0x00000000c2400000, 0x00000000c2400000, 0x00000000c2500000|  0%| F|  |TAMS 0x00000000c2400000, 0x00000000c2400000| Untracked 
|   7|0x00000000c2500000, 0x00000000c2500000, 0x00000000c2600000|  0%| F|  |TAMS 0x00000000c2500000, 0x00000000c2500000| Untracked 
|   8|0x00000000c2600000, 0x00000000c2600000, 0x00000000c2700000|  0%| F|  |TAMS 0x00000000c2600000, 0x00000000c2600000| Untracked 
|   9|0x00000000c2700000, 0x00000000c2700000, 0x00000000c2800000|  0%| F|  |TAMS 0x00000000c2700000, 0x00000000c2700000| Untracked 
|  10|0x00000000c2800000, 0x00000000c2800000, 0x00000000c2900000|  0%| F|  |TAMS 0x00000000c2800000, 0x00000000c2800000| Untracked 
|  11|0x00000000c2900000, 0x00000000c2900000, 0x00000000c2a00000|  0%| F|  |TAMS 0x00000000c2900000, 0x00000000c2900000| Untracked 
|  12|0x00000000c2a00000, 0x00000000c2a00000, 0x00000000c2b00000|  0%| F|  |TAMS 0x00000000c2a00000, 0x00000000c2a00000| Untracked 
|  13|0x00000000c2b00000, 0x00000000c2b00000, 0x00000000c2c00000|  0%| F|  |TAMS 0x00000000c2b00000, 0x00000000c2b00000| Untracked 
|  14|0x00000000c2c00000, 0x00000000c2c00000, 0x00000000c2d00000|  0%| F|  |TAMS 0x00000000c2c00000, 0x00000000c2c00000| Untracked 
|  15|0x00000000c2d00000, 0x00000000c2d00000, 0x00000000c2e00000|  0%| F|  |TAMS 0x00000000c2d00000, 0x00000000c2d00000| Untracked 
|  16|0x00000000c2e00000, 0x00000000c2e00000, 0x00000000c2f00000|  0%| F|  |TAMS 0x00000000c2e00000, 0x00000000c2e00000| Untracked 
|  17|0x00000000c2f00000, 0x00000000c2f00000, 0x00000000c3000000|  0%| F|  |TAMS 0x00000000c2f00000, 0x00000000c2f00000| Untracked 
|  18|0x00000000c3000000, 0x00000000c3000000, 0x00000000c3100000|  0%| F|  |TAMS 0x00000000c3000000, 0x00000000c3000000| Untracked 
|  19|0x00000000c3100000, 0x00000000c3100000, 0x00000000c3200000|  0%| F|  |TAMS 0x00000000c3100000, 0x00000000c3100000| Untracked 
|  20|0x00000000c3200000, 0x00000000c3200000, 0x00000000c3300000|  0%| F|  |TAMS 0x00000000c3200000, 0x00000000c3200000| Untracked 
|  21|0x00000000c3300000, 0x00000000c3300000, 0x00000000c3400000|  0%| F|  |TAMS 0x00000000c3300000, 0x00000000c3300000| Untracked 
|  22|0x00000000c3400000, 0x00000000c3400000, 0x00000000c3500000|  0%| F|  |TAMS 0x00000000c3400000, 0x00000000c3400000| Untracked 
|  23|0x00000000c3500000, 0x00000000c3500000, 0x00000000c3600000|  0%| F|  |TAMS 0x00000000c3500000, 0x00000000c3500000| Untracked 
|  24|0x00000000c3600000, 0x00000000c3600000, 0x00000000c3700000|  0%| F|  |TAMS 0x00000000c3600000, 0x00000000c3600000| Untracked 
|  25|0x00000000c3700000, 0x00000000c3700000, 0x00000000c3800000|  0%| F|  |TAMS 0x00000000c3700000, 0x00000000c3700000| Untracked 
|  26|0x00000000c3800000, 0x00000000c3800000, 0x00000000c3900000|  0%| F|  |TAMS 0x00000000c3800000, 0x00000000c3800000| Untracked 
|  27|0x00000000c3900000, 0x00000000c3900000, 0x00000000c3a00000|  0%| F|  |TAMS 0x00000000c3900000, 0x00000000c3900000| Untracked 
|  28|0x00000000c3a00000, 0x00000000c3a00000, 0x00000000c3b00000|  0%| F|  |TAMS 0x00000000c3a00000, 0x00000000c3a00000| Untracked 
|  29|0x00000000c3b00000, 0x00000000c3b00000, 0x00000000c3c00000|  0%| F|  |TAMS 0x00000000c3b00000, 0x00000000c3b00000| Untracked 
|  30|0x00000000c3c00000, 0x00000000c3c00000, 0x00000000c3d00000|  0%| F|  |TAMS 0x00000000c3c00000, 0x00000000c3c00000| Untracked 
|  31|0x00000000c3d00000, 0x00000000c3d00000, 0x00000000c3e00000|  0%| F|  |TAMS 0x00000000c3d00000, 0x00000000c3d00000| Untracked 
|  32|0x00000000c3e00000, 0x00000000c3e00000, 0x00000000c3f00000|  0%| F|  |TAMS 0x00000000c3e00000, 0x00000000c3e00000| Untracked 
|  33|0x00000000c3f00000, 0x00000000c3f00000, 0x00000000c4000000|  0%| F|  |TAMS 0x00000000c3f00000, 0x00000000c3f00000| Untracked 
|  34|0x00000000c4000000, 0x00000000c4000000, 0x00000000c4100000|  0%| F|  |TAMS 0x00000000c4000000, 0x00000000c4000000| Untracked 
|  35|0x00000000c4100000, 0x00000000c4100000, 0x00000000c4200000|  0%| F|  |TAMS 0x00000000c4100000, 0x00000000c4100000| Untracked 
|  36|0x00000000c4200000, 0x00000000c4200000, 0x00000000c4300000|  0%| F|  |TAMS 0x00000000c4200000, 0x00000000c4200000| Untracked 
|  37|0x00000000c4300000, 0x00000000c4300000, 0x00000000c4400000|  0%| F|  |TAMS 0x00000000c4300000, 0x00000000c4300000| Untracked 
|  38|0x00000000c4400000, 0x00000000c4400000, 0x00000000c4500000|  0%| F|  |TAMS 0x00000000c4400000, 0x00000000c4400000| Untracked 
|  39|0x00000000c4500000, 0x00000000c4500000, 0x00000000c4600000|  0%| F|  |TAMS 0x00000000c4500000, 0x00000000c4500000| Untracked 
|  40|0x00000000c4600000, 0x00000000c4600000, 0x00000000c4700000|  0%| F|  |TAMS 0x00000000c4600000, 0x00000000c4600000| Untracked 
|  41|0x00000000c4700000, 0x00000000c4700000, 0x00000000c4800000|  0%| F|  |TAMS 0x00000000c4700000, 0x00000000c4700000| Untracked 
|  42|0x00000000c4800000, 0x00000000c4800000, 0x00000000c4900000|  0%| F|  |TAMS 0x00000000c4800000, 0x00000000c4800000| Untracked 
|  43|0x00000000c4900000, 0x00000000c4900000, 0x00000000c4a00000|  0%| F|  |TAMS 0x00000000c4900000, 0x00000000c4900000| Untracked 
|  44|0x00000000c4a00000, 0x00000000c4a00000, 0x00000000c4b00000|  0%| F|  |TAMS 0x00000000c4a00000, 0x00000000c4a00000| Untracked 
|  45|0x00000000c4b00000, 0x00000000c4b00000, 0x00000000c4c00000|  0%| F|  |TAMS 0x00000000c4b00000, 0x00000000c4b00000| Untracked 
|  46|0x00000000c4c00000, 0x00000000c4c00000, 0x00000000c4d00000|  0%| F|  |TAMS 0x00000000c4c00000, 0x00000000c4c00000| Untracked 
|  47|0x00000000c4d00000, 0x00000000c4d00000, 0x00000000c4e00000|  0%| F|  |TAMS 0x00000000c4d00000, 0x00000000c4d00000| Untracked 
|  48|0x00000000c4e00000, 0x00000000c4e00000, 0x00000000c4f00000|  0%| F|  |TAMS 0x00000000c4e00000, 0x00000000c4e00000| Untracked 
|  49|0x00000000c4f00000, 0x00000000c4f00000, 0x00000000c5000000|  0%| F|  |TAMS 0x00000000c4f00000, 0x00000000c4f00000| Untracked 
|  50|0x00000000c5000000, 0x00000000c5000000, 0x00000000c5100000|  0%| F|  |TAMS 0x00000000c5000000, 0x00000000c5000000| Untracked 
|  51|0x00000000c5100000, 0x00000000c5100000, 0x00000000c5200000|  0%| F|  |TAMS 0x00000000c5100000, 0x00000000c5100000| Untracked 
|  52|0x00000000c5200000, 0x00000000c5200000, 0x00000000c5300000|  0%| F|  |TAMS 0x00000000c5200000, 0x00000000c5200000| Untracked 
|  53|0x00000000c5300000, 0x00000000c5300000, 0x00000000c5400000|  0%| F|  |TAMS 0x00000000c5300000, 0x00000000c5300000| Untracked 
|  54|0x00000000c5400000, 0x00000000c5400000, 0x00000000c5500000|  0%| F|  |TAMS 0x00000000c5400000, 0x00000000c5400000| Untracked 
|  55|0x00000000c5500000, 0x00000000c5600000, 0x00000000c5600000|100%| E|  |TAMS 0x00000000c5500000, 0x00000000c5500000| Complete 
|  56|0x00000000c5600000, 0x00000000c5700000, 0x00000000c5700000|100%| E|CS|TAMS 0x00000000c5600000, 0x00000000c5600000| Complete 
|  57|0x00000000c5700000, 0x00000000c5800000, 0x00000000c5800000|100%| E|CS|TAMS 0x00000000c5700000, 0x00000000c5700000| Complete 
|  58|0x00000000c5800000, 0x00000000c5900000, 0x00000000c5900000|100%| E|CS|TAMS 0x00000000c5800000, 0x00000000c5800000| Complete 
|  59|0x00000000c5900000, 0x00000000c5a00000, 0x00000000c5a00000|100%| E|CS|TAMS 0x00000000c5900000, 0x00000000c5900000| Complete 
|  60|0x00000000c5a00000, 0x00000000c5b00000, 0x00000000c5b00000|100%| E|CS|TAMS 0x00000000c5a00000, 0x00000000c5a00000| Complete 
|  61|0x00000000c5b00000, 0x00000000c5c00000, 0x00000000c5c00000|100%| E|CS|TAMS 0x00000000c5b00000, 0x00000000c5b00000| Complete 
|  62|0x00000000c5c00000, 0x00000000c5d00000, 0x00000000c5d00000|100%| E|CS|TAMS 0x00000000c5c00000, 0x00000000c5c00000| Complete 
|  63|0x00000000c5d00000, 0x00000000c5e00000, 0x00000000c5e00000|100%| E|CS|TAMS 0x00000000c5d00000, 0x00000000c5d00000| Complete 

Card table byte_map: [0x00000203c1d70000,0x00000203c1f70000] _byte_map_base: 0x00000203c1761000

Marking Bits (Prev, Next): (CMBitMap*) 0x00000203ab271080, (CMBitMap*) 0x00000203ab2710c0
 Prev Bits: [0x00000203c2170000, 0x00000203c30f8000)
 Next Bits: [0x00000203c3100000, 0x00000203c4088000)

Polling page: 0x00000203aaa00000

Metaspace:

Usage:
  Non-class:      5.06 MB used.
      Class:    637.85 KB used.
       Both:      5.69 MB used.

Virtual space:
  Non-class space:       64.00 MB reserved,       5.12 MB (  8%) committed,  1 nodes.
      Class space:        1.00 GB reserved,     768.00 KB ( <1%) committed,  1 nodes.
             Both:        1.06 GB reserved,       5.88 MB ( <1%) committed. 

Chunk freelists:
   Non-Class:  2.88 MB
       Class:  3.24 MB
        Both:  6.13 MB

MaxMetaspaceSize: unlimited
CompressedClassSpaceSize: 1.00 GB
Initial GC threshold: 21.00 MB
Current GC threshold: 21.00 MB
CDS: on
MetaspaceReclaimPolicy: balanced
 - commit_granule_bytes: 65536.
 - commit_granule_words: 8192.
 - virtual_space_node_default_size: 8388608.
 - enlarge_chunks_in_place: 1.
 - new_chunks_are_fully_committed: 0.
 - uncommit_free_chunks: 1.
 - use_allocation_guard: 0.


Internal statistics:

num_allocs_failed_limit: 0.
num_arena_births: 112.
num_arena_deaths: 0.
num_vsnodes_births: 2.
num_vsnodes_deaths: 0.
num_space_committed: 94.
num_space_uncommitted: 0.
num_chunks_returned_to_freelist: 0.
num_chunks_taken_from_freelist: 154.
num_chunk_merges: 0.
num_chunk_splits: 85.
num_chunks_enlarged: 21.
num_inconsistent_stats: 0.

CodeHeap 'non-profiled nmethods': size=120000Kb used=225Kb max_used=225Kb free=119774Kb
 bounds [0x00000203ba640000, 0x00000203ba8b0000, 0x00000203c1b70000]
CodeHeap 'profiled nmethods': size=120000Kb used=1317Kb max_used=1317Kb free=118682Kb
 bounds [0x00000203b3110000, 0x00000203b3380000, 0x00000203ba640000]
CodeHeap 'non-nmethods': size=5760Kb used=1230Kb max_used=1259Kb free=4529Kb
 bounds [0x00000203b2b70000, 0x00000203b2de0000, 0x00000203b3110000]
 total_blobs=1291 nmethods=760 adapters=444
 compilation: enabled
              stopped_count=0, restarted_count=0
 full_count=0

Compilation events (20 events):
Event: 0.751 Thread 0x00000203ab2f8f00  750 %     3       sun.awt.image.PNGImageDecoder::filterRow @ 249 (460 bytes)
Event: 0.752 Thread 0x00000203ab2f8f00 nmethod 750% 0x00000203b324ed10 code [0x00000203b324efa0, 0x00000203b3250088]
Event: 0.753 Thread 0x00000203ab2f8f00  751       3       sun.awt.image.PNGImageDecoder::filterRow (460 bytes)
Event: 0.754 Thread 0x00000203ab2f8f00 nmethod 751 0x00000203b3250890 code [0x00000203b3250b20, 0x00000203b3251968]
Event: 0.756 Thread 0x00000203cab33320  752       4       sun.awt.image.PNGImageDecoder::filterRow (460 bytes)
Event: 0.773 Thread 0x00000203ab2f8f00  753       3       java.util.zip.Inflater::ensureOpen (47 bytes)
Event: 0.774 Thread 0x00000203ab2f8f00 nmethod 753 0x00000203b3252110 code [0x00000203b32522c0, 0x00000203b3252528]
Event: 0.774 Thread 0x00000203ab2f8f00  754   !   3       java.util.zip.Inflater::inflate (410 bytes)
Event: 0.777 Thread 0x00000203ab2f8f00 nmethod 754 0x00000203b3252610 code [0x00000203b32528e0, 0x00000203b3253b08]
Event: 0.778 Thread 0x00000203ab2f8f00  756   !   3       java.util.zip.Inflater::finished (19 bytes)
Event: 0.778 Thread 0x00000203ab2f8f00 nmethod 756 0x00000203b3254590 code [0x00000203b3254720, 0x00000203b3254918]
Event: 0.778 Thread 0x00000203ab2f8f00  757       3       java.io.BufferedInputStream::fill (203 bytes)
Event: 0.779 Thread 0x00000203ab2f8f00 nmethod 757 0x00000203b3254a10 code [0x00000203b3254c80, 0x00000203b32558e8]
Event: 0.781 Thread 0x00000203ab2f8f00  758   !   3       java.util.zip.InflaterInputStream::read (122 bytes)
Event: 0.782 Thread 0x00000203ab2f8f00 nmethod 758 0x00000203b3255c90 code [0x00000203b3255f40, 0x00000203b3256c98]
Event: 0.783 Thread 0x00000203ab2f8f00  759       3       java.util.zip.InflaterInputStream::available (32 bytes)
Event: 0.783 Thread 0x00000203ab2f8f00 nmethod 759 0x00000203b3257290 code [0x00000203b3257460, 0x00000203b3257908]
Event: 0.789 Thread 0x00000203ab2f0600  760   !   4       sun.awt.image.PNGImageDecoder::produceImage (1917 bytes)
Event: 0.791 Thread 0x00000203ab2f8f00  761       3       sun.awt.image.ImageDecoder::setPixels (58 bytes)
Event: 0.792 Thread 0x00000203ab2f8f00 nmethod 761 0x00000203b3257a90 code [0x00000203b3257c80, 0x00000203b3258408]

GC Heap History (0 events):
No events

Deoptimization events (20 events):
Event: 0.797 Thread 0x00000203cab12220 DEOPT PACKING pc=0x00000203b32518b4 sp=0x0000005fcd8ff430
Event: 0.797 Thread 0x00000203cab12220 DEOPT UNPACKING pc=0x00000203b2bc2b43 sp=0x0000005fcd8fe8a0 mode 0
Event: 0.797 Thread 0x00000203cab12220 DEOPT PACKING pc=0x00000203b325186d sp=0x0000005fcd8ff430
Event: 0.797 Thread 0x00000203cab12220 DEOPT UNPACKING pc=0x00000203b2bc2b43 sp=0x0000005fcd8fe8a0 mode 0
Event: 0.798 Thread 0x00000203cab12220 DEOPT PACKING pc=0x00000203b325186d sp=0x0000005fcd8ff430
Event: 0.798 Thread 0x00000203cab12220 DEOPT UNPACKING pc=0x00000203b2bc2b43 sp=0x0000005fcd8fe8a0 mode 0
Event: 0.798 Thread 0x00000203cab12220 DEOPT PACKING pc=0x00000203b325186d sp=0x0000005fcd8ff430
Event: 0.798 Thread 0x00000203cab12220 DEOPT UNPACKING pc=0x00000203b2bc2b43 sp=0x0000005fcd8fe8a0 mode 0
Event: 0.798 Thread 0x00000203cab12220 DEOPT PACKING pc=0x00000203b325186d sp=0x0000005fcd8ff430
Event: 0.798 Thread 0x00000203cab12220 DEOPT UNPACKING pc=0x00000203b2bc2b43 sp=0x0000005fcd8fe8a0 mode 0
Event: 0.798 Thread 0x00000203cab12220 DEOPT PACKING pc=0x00000203b325186d sp=0x0000005fcd8ff430
Event: 0.798 Thread 0x00000203cab12220 DEOPT UNPACKING pc=0x00000203b2bc2b43 sp=0x0000005fcd8fe8a0 mode 0
Event: 0.799 Thread 0x00000203cab12220 DEOPT PACKING pc=0x00000203b325186d sp=0x0000005fcd8ff430
Event: 0.799 Thread 0x00000203cab12220 DEOPT UNPACKING pc=0x00000203b2bc2b43 sp=0x0000005fcd8fe8a0 mode 0
Event: 0.799 Thread 0x00000203cab12220 DEOPT PACKING pc=0x00000203b325186d sp=0x0000005fcd8ff430
Event: 0.799 Thread 0x00000203cab12220 DEOPT UNPACKING pc=0x00000203b2bc2b43 sp=0x0000005fcd8fe8a0 mode 0
Event: 0.799 Thread 0x00000203cab12220 DEOPT PACKING pc=0x00000203b325186d sp=0x0000005fcd8ff430
Event: 0.799 Thread 0x00000203cab12220 DEOPT UNPACKING pc=0x00000203b2bc2b43 sp=0x0000005fcd8fe8a0 mode 0
Event: 0.800 Thread 0x00000203cab12220 DEOPT PACKING pc=0x00000203b325186d sp=0x0000005fcd8ff430
Event: 0.800 Thread 0x00000203cab12220 DEOPT UNPACKING pc=0x00000203b2bc2b43 sp=0x0000005fcd8fe8a0 mode 0

Classes loaded (20 events):
Event: 0.572 Loading class java/awt/image/SampleModel done
Event: 0.572 Loading class java/awt/image/SinglePixelPackedSampleModel done
Event: 0.572 Loading class sun/awt/image/IntegerInterleavedRaster
Event: 0.573 Loading class sun/awt/image/IntegerComponentRaster
Event: 0.573 Loading class sun/awt/image/IntegerComponentRaster done
Event: 0.573 Loading class sun/awt/image/IntegerInterleavedRaster done
Event: 0.574 Loading class java/awt/image/BufferedImage
Event: 0.575 Loading class java/awt/image/WritableRenderedImage
Event: 0.575 Loading class java/awt/image/RenderedImage
Event: 0.575 Loading class java/awt/image/RenderedImage done
Event: 0.575 Loading class java/awt/image/WritableRenderedImage done
Event: 0.575 Loading class java/awt/image/BufferedImage done
Event: 0.576 Loading class java/awt/image/BufferedImage$1
Event: 0.576 Loading class java/awt/image/BufferedImage$1 done
Event: 0.785 Loading class java/awt/image/ReplicateScaleFilter
Event: 0.785 Loading class java/awt/image/ImageFilter
Event: 0.785 Loading class java/awt/image/ImageFilter done
Event: 0.785 Loading class java/awt/image/ReplicateScaleFilter done
Event: 0.786 Loading class java/awt/image/FilteredImageSource
Event: 0.786 Loading class java/awt/image/FilteredImageSource done

Classes unloaded (0 events):
No events

Classes redefined (0 events):
No events

Internal exceptions (17 events):
Event: 0.091 Thread 0x00000203ab2305f0 Exception <a 'sun/nio/fs/WindowsException'{0x00000000c5c3a528}> (0x00000000c5c3a528) 
thrown [s\open\src\hotspot\share\prims\jni.cpp, line 516]
Event: 0.091 Thread 0x00000203ab2305f0 Exception <a 'sun/nio/fs/WindowsException'{0x00000000c5c3aab0}> (0x00000000c5c3aab0) 
thrown [s\open\src\hotspot\share\prims\jni.cpp, line 516]
Event: 0.093 Thread 0x00000203ab2305f0 Exception <a 'sun/nio/fs/WindowsException'{0x00000000c5c3cf98}> (0x00000000c5c3cf98) 
thrown [s\open\src\hotspot\share\prims\jni.cpp, line 516]
Event: 0.094 Thread 0x00000203ab2305f0 Exception <a 'sun/nio/fs/WindowsException'{0x00000000c5c3dab0}> (0x00000000c5c3dab0) 
thrown [s\open\src\hotspot\share\prims\jni.cpp, line 516]
Event: 0.149 Thread 0x00000203ab2305f0 Exception <a 'java/lang/ClassNotFoundException'{0x00000000c5cffc70}: sun/awt/resources/spi/awtProvider> (0x00000000c5cffc70) 
thrown [s\open\src\hotspot\share\classfile\systemDictionary.cpp, line 255]
Event: 0.174 Thread 0x00000203ab2305f0 Exception <a 'java/io/FileNotFoundException'{0x00000000c5b53b78}> (0x00000000c5b53b78) 
thrown [s\open\src\hotspot\share\prims\jni.cpp, line 516]
Event: 0.184 Thread 0x00000203ab2305f0 Exception <a 'java/io/FileNotFoundException'{0x00000000c5b80b08}> (0x00000000c5b80b08) 
thrown [s\open\src\hotspot\share\prims\jni.cpp, line 516]
Event: 0.232 Thread 0x00000203ab2305f0 Exception <a 'java/lang/NoSuchMethodError'{0x00000000c5bc51c0}: 'java.lang.Object java.lang.invoke.DirectMethodHandle$Holder.invokeStaticInit(java.lang.Object)'> (0x00000000c5bc51c0) 
thrown [s\open\src\hotspot\share\interpreter\linkResolver.cpp, line 759]
Event: 0.278 Thread 0x00000203ab2305f0 Exception <a 'java/lang/NoSuchMethodError'{0x00000000c5a51dd0}: 'void java.lang.invoke.DirectMethodHandle$Holder.invokeSpecial(java.lang.Object, java.lang.Object, java.lang.Object)'> (0x00000000c5a51dd0) 
thrown [s\open\src\hotspot\share\interpreter\linkResolver.cpp, line 759]
Event: 0.287 Thread 0x00000203ab2305f0 Exception <a 'java/lang/NoSuchMethodError'{0x00000000c5a7cda8}: 'java.lang.Object java.lang.invoke.DirectMethodHandle$Holder.newInvokeSpecial(java.lang.Object, java.lang.Object, java.lang.Object, java.lang.Object, java.lang.Object)'> (0x00000000c5a7cda8) 
thrown [s\open\src\hotspot\share\interpreter\linkResolver.cpp, line 759]
Event: 0.298 Thread 0x00000203ab2305f0 Exception <a 'java/lang/NoSuchMethodError'{0x00000000c5aaeb10}: 'java.lang.Object java.lang.invoke.DirectMethodHandle$Holder.invokeStatic(java.lang.Object, int, java.lang.Object)'> (0x00000000c5aaeb10) 
thrown [s\open\src\hotspot\share\interpreter\linkResolver.cpp, line 759]
Event: 0.333 Thread 0x00000203ab2305f0 Exception <a 'java/lang/ClassNotFoundException'{0x00000000c596c290}: com/sun/swing/internal/plaf/metal/resources/spi/metalProvider> (0x00000000c596c290) 
thrown [s\open\src\hotspot\share\classfile\systemDictionary.cpp, line 255]
Event: 0.334 Thread 0x00000203ab2305f0 Exception <a 'java/lang/ClassNotFoundException'{0x00000000c59702c8}: com/sun/swing/internal/plaf/basic/resources/spi/basicProvider> (0x00000000c59702c8) 
thrown [s\open\src\hotspot\share\classfile\systemDictionary.cpp, line 255]
Event: 0.345 Thread 0x00000203ab2305f0 Exception <a 'java/lang/NoSuchMethodError'{0x00000000c5990928}: 'int java.lang.invoke.Invokers$Holder.invokeExact_MT(java.lang.Object, java.lang.Object)'> (0x00000000c5990928) 
thrown [s\open\src\hotspot\share\interpreter\linkResolver.cpp, line 759]
Event: 0.348 Thread 0x00000203ab2305f0 Exception <a 'java/lang/NoSuchMethodError'{0x00000000c5997230}: 'void java.lang.invoke.DirectMethodHandle$Holder.invokeStatic(java.lang.Object, java.lang.Object, java.lang.Object)'> (0x00000000c5997230) 
thrown [s\open\src\hotspot\share\interpreter\linkResolver.cpp, line 759]
Event: 0.349 Thread 0x00000203ab2305f0 Exception <a 'java/lang/NoSuchMethodError'{0x00000000c599d6d8}: 'void java.lang.invoke.DirectMethodHandle$Holder.invokeStatic(java.lang.Object, java.lang.Object)'> (0x00000000c599d6d8) 
thrown [s\open\src\hotspot\share\interpreter\linkResolver.cpp, line 759]
Event: 0.566 Thread 0x00000203cab12220 Exception <a 'java/lang/NoSuchMethodError'{0x00000000c578afa0}: 'java.lang.Object java.lang.invoke.DirectMethodHandle$Holder.newInvokeSpecial(java.lang.Object, java.lang.Object, java.lang.Object, int, int, int, int, int)'> (0x00000000c578afa0) 
thrown [s\open\src\hotspot\share\interpreter\linkResolver.cpp, line 759]

VM Operations (6 events):
Event: 0.095 Executing VM operation: HandshakeAllThreads
Event: 0.095 Executing VM operation: HandshakeAllThreads done
Event: 0.405 Executing VM operation: HandshakeAllThreads
Event: 0.405 Executing VM operation: HandshakeAllThreads done
Event: 0.785 Executing VM operation: HandshakeAllThreads
Event: 0.785 Executing VM operation: HandshakeAllThreads done

Events (20 events):
Event: 0.025 Thread 0x00000203ab2d1dc0 Thread added: 0x00000203ab2d1dc0
Event: 0.038 Thread 0x00000203ab2e81d0 Thread added: 0x00000203ab2e81d0
Event: 0.038 Thread 0x00000203ab2e9e90 Thread added: 0x00000203ab2e9e90
Event: 0.038 Thread 0x00000203ab2ea740 Thread added: 0x00000203ab2ea740
Event: 0.038 Thread 0x00000203ab2ed180 Thread added: 0x00000203ab2ed180
Event: 0.039 Thread 0x00000203ab2f0600 Thread added: 0x00000203ab2f0600
Event: 0.039 Thread 0x00000203ab2f8f00 Thread added: 0x00000203ab2f8f00
Event: 0.039 Thread 0x00000203ab2fd630 Thread added: 0x00000203ab2fd630
Event: 0.071 Thread 0x00000203ca820850 Thread added: 0x00000203ca820850
Event: 0.087 Loaded shared library C:\Program Files\Java\jdk-18.0.2.1\bin\net.dll
Event: 0.089 Loaded shared library C:\Program Files\Java\jdk-18.0.2.1\bin\nio.dll
Event: 0.112 Thread 0x00000203ca8beca0 Thread added: 0x00000203ca8beca0
Event: 0.121 Loaded shared library C:\Program Files\Java\jdk-18.0.2.1\bin\zip.dll
Event: 0.139 Loaded shared library C:\Program Files\Java\jdk-18.0.2.1\bin\jimage.dll
Event: 0.161 Loaded shared library C:\Program Files\Java\jdk-18.0.2.1\bin\awt.dll
Event: 0.233 Thread 0x00000203ca9bed90 Thread added: 0x00000203ca9bed90
Event: 0.235 Thread 0x00000203ca9c1d10 Thread added: 0x00000203ca9c1d10
Event: 0.237 Thread 0x00000203ca9c4c90 Thread added: 0x00000203ca9c4c90
Event: 0.427 Thread 0x00000203cab12220 Thread added: 0x00000203cab12220
Event: 0.505 Thread 0x00000203cab33320 Thread added: 0x00000203cab33320


Dynamic libraries:
0x00007ff713360000 - 0x00007ff713370000 	C:\Program Files\Java\jdk-18.0.2.1\bin\java.exe
0x00007ff953890000 - 0x00007ff953a88000 	C:\Windows\SYSTEM32\ntdll.dll
0x00007ff951ea0000 - 0x00007ff951f5f000 	C:\Windows\System32\KERNEL32.DLL
0x00007ff9515f0000 - 0x00007ff9518c2000 	C:\Windows\System32\KERNELBASE.dll
0x00007ff951020000 - 0x00007ff951120000 	C:\Windows\System32\ucrtbase.dll
0x00007ff902070000 - 0x00007ff90208a000 	C:\Program Files\Java\jdk-18.0.2.1\bin\VCRUNTIME140.dll
0x00007ff9128f0000 - 0x00007ff912908000 	C:\Program Files\Java\jdk-18.0.2.1\bin\jli.dll
0x00007ff952100000 - 0x00007ff9521ae000 	C:\Windows\System32\ADVAPI32.dll
0x00007ff953790000 - 0x00007ff95382e000 	C:\Windows\System32\msvcrt.dll
0x00007ff952750000 - 0x00007ff9527ec000 	C:\Windows\System32\sechost.dll
0x00007ff951fd0000 - 0x00007ff9520f5000 	C:\Windows\System32\RPCRT4.dll
0x00007ff951b90000 - 0x00007ff951d31000 	C:\Windows\System32\USER32.dll
0x00007ff93ba80000 - 0x00007ff93bd1a000 	C:\Windows\WinSxS\amd64_microsoft.windows.common-controls_6595b64144ccf1df_6.0.19041.1110_none_60b5254171f9507e\COMCTL32.dll
0x00007ff951120000 - 0x00007ff951142000 	C:\Windows\System32\win32u.dll
0x00007ff9526c0000 - 0x00007ff9526eb000 	C:\Windows\System32\GDI32.dll
0x00007ff9511a0000 - 0x00007ff9512af000 	C:\Windows\System32\gdi32full.dll
0x00007ff950f80000 - 0x00007ff95101d000 	C:\Windows\System32\msvcp_win.dll
0x00007ff9448d0000 - 0x00007ff9448da000 	C:\Windows\SYSTEM32\VERSION.dll
0x00007ff953630000 - 0x00007ff953662000 	C:\Windows\System32\IMM32.DLL
0x00007ff93abf0000 - 0x00007ff93abfc000 	C:\Program Files\Java\jdk-18.0.2.1\bin\vcruntime140_1.dll
0x00007ff947260000 - 0x00007ff9472ed000 	C:\Program Files\Java\jdk-18.0.2.1\bin\msvcp140.dll
0x00007ff900cb0000 - 0x00007ff9018c1000 	C:\Program Files\Java\jdk-18.0.2.1\bin\server\jvm.dll
0x00007ff953620000 - 0x00007ff953628000 	C:\Windows\System32\PSAPI.DLL
0x00007ff93b640000 - 0x00007ff93b667000 	C:\Windows\SYSTEM32\WINMM.dll
0x00007ff9393a0000 - 0x00007ff9393a9000 	C:\Windows\SYSTEM32\WSOCK32.dll
0x00007ff951f60000 - 0x00007ff951fcb000 	C:\Windows\System32\WS2_32.dll
0x00007ff94f7d0000 - 0x00007ff94f7e2000 	C:\Windows\SYSTEM32\kernel.appcore.dll
0x00007ff93ab00000 - 0x00007ff93ab0a000 	C:\Program Files\Java\jdk-18.0.2.1\bin\jimage.dll
0x00007ff94ed40000 - 0x00007ff94ef24000 	C:\Windows\SYSTEM32\DBGHELP.DLL
0x00007ff937f80000 - 0x00007ff937fb5000 	C:\Windows\SYSTEM32\dbgcore.DLL
0x00007ff9514f0000 - 0x00007ff951572000 	C:\Windows\System32\bcryptPrimitives.dll
0x00007ff902000000 - 0x00007ff902025000 	C:\Program Files\Java\jdk-18.0.2.1\bin\java.dll
0x00007ff900bd0000 - 0x00007ff900ca6000 	C:\Program Files\Java\jdk-18.0.2.1\bin\jsvml.dll
0x00007ff952ed0000 - 0x00007ff953614000 	C:\Windows\System32\SHELL32.dll
0x00007ff94f020000 - 0x00007ff94f7b2000 	C:\Windows\SYSTEM32\windows.storage.dll
0x00007ff9521b0000 - 0x00007ff952505000 	C:\Windows\System32\combase.dll
0x00007ff950900000 - 0x00007ff950930000 	C:\Windows\SYSTEM32\Wldp.dll
0x00007ff952510000 - 0x00007ff9525bd000 	C:\Windows\System32\SHCORE.dll
0x00007ff952e70000 - 0x00007ff952ec5000 	C:\Windows\System32\shlwapi.dll
0x00007ff950ec0000 - 0x00007ff950edf000 	C:\Windows\SYSTEM32\profapi.dll
0x00007ff900b70000 - 0x00007ff900b83000 	C:\Program Files\Java\jdk-18.0.2.1\bin\net.dll
0x00007ff93dcd0000 - 0x00007ff93dddc000 	C:\Windows\SYSTEM32\WINHTTP.dll
0x00007ff950660000 - 0x00007ff9506ca000 	C:\Windows\system32\mswsock.dll
0x00007ff900b50000 - 0x00007ff900b66000 	C:\Program Files\Java\jdk-18.0.2.1\bin\nio.dll
0x00007ff900b30000 - 0x00007ff900b48000 	C:\Program Files\Java\jdk-18.0.2.1\bin\zip.dll
0x00007ff9472f0000 - 0x00007ff94747f000 	C:\Program Files\Java\jdk-18.0.2.1\bin\awt.dll
0x00007ff951d40000 - 0x00007ff951e0d000 	C:\Windows\System32\OLEAUT32.dll
0x00007ff94e420000 - 0x00007ff94e4b1000 	C:\Windows\SYSTEM32\apphelp.dll
0x00007ff94e7b0000 - 0x00007ff94e7df000 	C:\Windows\system32\DWMAPI.DLL
0x00007ff94e5d0000 - 0x00007ff94e66e000 	C:\Windows\system32\uxtheme.dll
0x00007ff924650000 - 0x00007ff924775000 	C:\Windows\system32\opengl32.dll
0x00007ff924c00000 - 0x00007ff924c2c000 	C:\Windows\SYSTEM32\GLU32.dll
0x00007ff953670000 - 0x00007ff953785000 	C:\Windows\System32\MSCTF.dll
0x00007ff952c60000 - 0x00007ff952d8a000 	C:\Windows\System32\ole32.dll

dbghelp: loaded successfully - version: 4.0.5 - missing functions: none
symbol engine: initialized successfully - sym options: 0x614 - pdb path: .;C:\Program Files\Java\jdk-18.0.2.1\bin;C:\Windows\SYSTEM32;C:\Windows\WinSxS\amd64_microsoft.windows.common-controls_6595b64144ccf1df_6.0.19041.1110_none_60b5254171f9507e;C:\Program Files\Java\jdk-18.0.2.1\bin\server

VM Arguments:
jvm_args: -Dfile.encoding=UTF-8 --module-path=C:\Users\USER\Documents\NetBeansProjects\Electricity Billing System\build\classes 
java_command: electricity.billing.system.Signup
java_class_path (initial): C:\Users\USER\Downloads\mysql-connector-java-8.0.28.jar;C:\Users\USER\Documents\NetBeansProjects\Electricity Billing System\build\classes
Launcher Type: SUN_STANDARD

[Global flags]
     intx CICompilerCount                          = 3                                         {product} {ergonomic}
     uint ConcGCThreads                            = 1                                         {product} {ergonomic}
     uint G1ConcRefinementThreads                  = 4                                         {product} {ergonomic}
   size_t G1HeapRegionSize                         = 1048576                                   {product} {ergonomic}
    uintx GCDrainStackTargetSize                   = 64                                        {product} {ergonomic}
   size_t InitialHeapSize                          = 67108864                                  {product} {ergonomic}
   size_t MarkStackSize                            = 4194304                                   {product} {ergonomic}
   size_t MaxHeapSize                              = 1042284544                                {product} {ergonomic}
   size_t MaxNewSize                               = 624951296                                 {product} {ergonomic}
   size_t MinHeapDeltaBytes                        = 1048576                                   {product} {ergonomic}
   size_t MinHeapSize                              = 8388608                                   {product} {ergonomic}
    uintx NonNMethodCodeHeapSize                   = 5832780                                {pd product} {ergonomic}
    uintx NonProfiledCodeHeapSize                  = 122912730                              {pd product} {ergonomic}
    uintx ProfiledCodeHeapSize                     = 122912730                              {pd product} {ergonomic}
    uintx ReservedCodeCacheSize                    = 251658240                              {pd product} {ergonomic}
     bool SegmentedCodeCache                       = true                                      {product} {ergonomic}
   size_t SoftMaxHeapSize                          = 1042284544                             {manageable} {ergonomic}
     bool UseCompressedClassPointers               = true                           {product lp64_product} {ergonomic}
     bool UseCompressedOops                        = true                           {product lp64_product} {ergonomic}
     bool UseG1GC                                  = true                                      {product} {ergonomic}
     bool UseLargePagesIndividualAllocation        = false                                  {pd product} {ergonomic}

Logging:
Log output configuration:
 #0: stdout all=warning uptime,level,tags foldmultilines=false
 #1: stderr all=off uptime,level,tags foldmultilines=false

Environment Variables:
PATH=C:\Program Files\Common Files\Oracle\Java\javapath;C:\Program Files (x86)\Common Files\Oracle\Java\javapath;C:\Program Files\Eclipse Adoptium\jdk-17.0.3.7-hotspot\bin;C:\Windows\system32;C:\Windows;C:\Windows\System32\Wbem;C:\Windows\System32\WindowsPowerShell\v1.0\;C:\Windows\System32\OpenSSH\;C:\Program Files\nodejs\;C:\Program Files\Git\cmd;C:\Program Files\MongoDB\Server\6.0\bin;C:\Program Files\MongoDB\Server\6.0\bin;C:\MinGW\bin;C:\Program Files\MySQL\MySQL Shell 8.0\bin\;C:\Users\USER\AppData\Local\Microsoft\WindowsApps;C:\Users\USER\AppData\Local\Programs\Microsoft VS Code\bin;C:\Users\USER\AppData\Roaming\npm;C:\MinGW\bin;C:\Program Files\Java\jdk-17.0.5\bin;
USERNAME=USER
OS=Windows_NT
PROCESSOR_IDENTIFIER=Intel64 Family 6 Model 142 Stepping 9, GenuineIntel



---------------  S Y S T E M  ---------------

OS:
 Windows 10 , 64 bit Build 19041 (10.0.19041.2364)
OS uptime: 0 days 2:12 hours

CPU: total 4 (initial active 4) (2 cores per cpu, 2 threads per core) family 6 model 142 stepping 9 microcode 0xb4, cx8, cmov, fxsr, ht, mmx, 3dnowpref, sse, sse2, sse3, ssse3, sse4.1, sse4.2, popcnt, lzcnt, tsc, tscinvbit, avx, avx2, aes, erms, clmul, bmi1, bmi2, adx, fma, vzeroupper, clflush, clflushopt

Memory: 4k page, system-wide physical 3974M (646M free)
TotalPageFile size 16262M (AvailPageFile size 2M)
current process WorkingSet (physical memory assigned to process): 62M, peak: 62M
current process commit charge ("private bytes"): 151M, peak: 152M

vm_info: Java HotSpot(TM) 64-Bit Server VM (18.0.2.1+1-1) for windows-amd64 JRE (18.0.2.1+1-1), built on Aug 16 2022 01:46:33 by "mach5one" with MS VC++ 16.8 / 16.9 (VS2019)

END.
