#
# There is insufficient memory for the Java Runtime Environment to continue.
# Native memory allocation (malloc) failed to allocate 138176 bytes for Chunk::new
# Possible reasons:
#   The system is out of physical RAM or swap space
#   The process is running with CompressedOops enabled, and the Java Heap may be blocking the growth of the native heap
# Possible solutions:
#   Reduce memory load on the system
#   Increase physical memory or swap space
#   Check if swap backing store is full
#   Decrease Java heap size (-Xmx/-Xms)
#   Decrease number of Java threads
#   Decrease Java thread stack sizes (-Xss)
#   Set larger code cache with -XX:ReservedCodeCacheSize=
#   JVM is running with Unscaled Compressed Oops mode in which the Java heap is
#     placed in the first 4GB address space. The Java Heap base address is the
#     maximum limit for the native heap growth. Please use -XX:HeapBaseMinAddress
#     to set the Java Heap base and to place the Java Heap above 4GB virtual address.
# This output file may be truncated or incomplete.
#
#  Out of Memory Error (arena.cpp:184), pid=6756, tid=19140
#
# JRE version: Java(TM) SE Runtime Environment (18.0.2.1+1) (build 18.0.2.1+1-1)
# Java VM: Java HotSpot(TM) 64-Bit Server VM (18.0.2.1+1-1, mixed mode, sharing, tiered, compressed oops, compressed class ptrs, g1 gc, windows-amd64)
# No core dump will be written. Minidumps are not enabled by default on client versions of Windows
#

---------------  S U M M A R Y ------------

Command Line: -Dfile.encoding=UTF-8 --module-path=C:\Users\USER\Documents\NetBeansProjects\Electricity Billing System\build\classes electricity.billing.system.Login

Host: Intel(R) Core(TM) i3-7020U CPU @ 2.30GHz, 4 cores, 3G,  Windows 10 , 64 bit Build 19041 (10.0.19041.2364)
Time: Thu Jan 12 13:46:17 2023 GMT Standard Time elapsed time: 1.865000 seconds (0d 0h 0m 1s)

---------------  T H R E A D  ---------------

Current thread (0x00000127fb62ab50):  JavaThread "C2 CompilerThread0" daemon [_thread_in_native, id=19140, stack(0x0000000122c00000,0x0000000122d00000)]


Current CompileTask:
C2:   1866  772 % !   4       sun.awt.image.PNGImageDecoder::produceImage @ 960 (1917 bytes)

Stack: [0x0000000122c00000,0x0000000122d00000]
Native frames: (J=compiled Java code, j=interpreted, Vv=VM code, C=native code)
V  [jvm.dll+0x6993aa]
V  [jvm.dll+0x7f46dd]
V  [jvm.dll+0x7f5fee]
V  [jvm.dll+0x7f66a3]
V  [jvm.dll+0x25cf1f]
V  [jvm.dll+0xb8c2f]
V  [jvm.dll+0xb8fa5]
V  [jvm.dll+0x3860cb]
V  [jvm.dll+0x1d2805]
V  [jvm.dll+0x230259]
V  [jvm.dll+0x22f4d1]
V  [jvm.dll+0x1ba01c]
V  [jvm.dll+0x23ee0a]
V  [jvm.dll+0x23d0f5]
V  [jvm.dll+0x7a6dd1]
V  [jvm.dll+0x7a120a]
V  [jvm.dll+0x698255]
C  [ucrtbase.dll+0x21bb2]
C  [KERNEL32.DLL+0x17614]
C  [ntdll.dll+0x526a1]


---------------  P R O C E S S  ---------------

Threads class SMR info:
_java_thread_list=0x00000127ffbed7f0, length=15, elements={
0x00000127ef38f830, 0x00000127fb60e9c0, 0x00000127fb610000, 0x00000127fb6259e0,
0x00000127fb626380, 0x00000127fb6274c0, 0x00000127fb627e60, 0x00000127fb62ab50,
0x00000127fb63b460, 0x00000127fb651a50, 0x00000127ff9187e0, 0x00000127ff9bdec0,
0x00000127ffb6bad0, 0x00000127ffb30540, 0x00000127ffbbe110
}

Java Threads: ( => current thread )
  0x00000127ef38f830 JavaThread "main" [_thread_blocked, id=3340, stack(0x0000000121f00000,0x0000000122000000)]
  0x00000127fb60e9c0 JavaThread "Reference Handler" daemon [_thread_blocked, id=4420, stack(0x0000000122600000,0x0000000122700000)]
  0x00000127fb610000 JavaThread "Finalizer" daemon [_thread_blocked, id=13248, stack(0x0000000122700000,0x0000000122800000)]
  0x00000127fb6259e0 JavaThread "Signal Dispatcher" daemon [_thread_blocked, id=13600, stack(0x0000000122800000,0x0000000122900000)]
  0x00000127fb626380 JavaThread "Attach Listener" daemon [_thread_blocked, id=19304, stack(0x0000000122900000,0x0000000122a00000)]
  0x00000127fb6274c0 JavaThread "Service Thread" daemon [_thread_blocked, id=19048, stack(0x0000000122a00000,0x0000000122b00000)]
  0x00000127fb627e60 JavaThread "Monitor Deflation Thread" daemon [_thread_blocked, id=32, stack(0x0000000122b00000,0x0000000122c00000)]
=>0x00000127fb62ab50 JavaThread "C2 CompilerThread0" daemon [_thread_in_native, id=19140, stack(0x0000000122c00000,0x0000000122d00000)]
  0x00000127fb63b460 JavaThread "C1 CompilerThread0" daemon [_thread_blocked, id=9700, stack(0x0000000122d00000,0x0000000122e00000)]
  0x00000127fb651a50 JavaThread "Sweeper thread" daemon [_thread_blocked, id=7984, stack(0x0000000122e00000,0x0000000122f00000)]
  0x00000127ff9187e0 JavaThread "Common-Cleaner" daemon [_thread_blocked, id=15608, stack(0x0000000122f00000,0x0000000123000000)]
  0x00000127ff9bdec0 JavaThread "Notification Thread" daemon [_thread_blocked, id=14116, stack(0x0000000123000000,0x0000000123100000)]
  0x00000127ffb6bad0 JavaThread "Java2D Disposer" daemon [_thread_blocked, id=17176, stack(0x0000000123200000,0x0000000123300000)]
  0x00000127ffb30540 JavaThread "AWT-Windows" daemon [_thread_in_native, id=2356, stack(0x0000000123400000,0x0000000123500000)]
  0x00000127ffbbe110 JavaThread "Image Fetcher 0" daemon [_thread_in_Java, id=18596, stack(0x0000000123500000,0x0000000123600000)]

Other Threads:
  0x00000127ef3e7030 VMThread "VM Thread" [stack: 0x0000000122500000,0x0000000122600000] [id=8280]
  0x00000127fb71ed20 WatcherThread "VM Periodic Task Thread" [stack: 0x0000000123100000,0x0000000123200000] [id=18752]
  0x00000127ef3d07d0 WorkerThread "GC Thread#0" [stack: 0x0000000122000000,0x0000000122100000] [id=12560]
  0x00000127ef3d91e0 ConcurrentGCThread "G1 Main Marker" [stack: 0x0000000122100000,0x0000000122200000] [id=7628]
  0x00000127ef3daa80 WorkerThread "G1 Conc#0" [stack: 0x0000000122200000,0x0000000122300000] [id=13864]
  0x00000127ef4093b0 ConcurrentGCThread "G1 Refine#0" [stack: 0x0000000122300000,0x0000000122400000] [id=19448]
  0x00000127ef409b60 ConcurrentGCThread "G1 Service" [stack: 0x0000000122400000,0x0000000122500000] [id=18012]

Threads with active compile tasks:
C2 CompilerThread0     1924  772 % !   4       sun.awt.image.PNGImageDecoder::produceImage @ 960 (1917 bytes)

VM state: not at safepoint (normal execution)

VM Mutex/Monitor currently owned by a thread: None

Heap address: 0x00000000c1e00000, size: 994 MB, Compressed Oops mode: 32-bit

CDS archive(s) mapped at: [0x0000000800000000-0x0000000800ba0000-0x0000000800ba0000), size 12189696, SharedBaseAddress: 0x0000000800000000, ArchiveRelocationMode: 0.
Compressed class space mapped at: 0x0000000800c00000-0x0000000840c00000, reserved size: 1073741824
Narrow klass base: 0x0000000800000000, Narrow klass shift: 0, Narrow klass range: 0x100000000

GC Precious Log:
 CardTable entry size: 512
 Card Set container configuration: InlinePtr #cards 5 size 8 Array Of Cards #cards 12 size 40 Howl #buckets 4 coarsen threshold 1843 Howl Bitmap #cards 512 size 80 coarsen threshold 460 Card regions per heap region 1 cards per card region 2048
 CPUs: 4 total, 4 available
 Memory: 3974M
 Large Page Support: Disabled
 NUMA Support: Disabled
 Compressed Oops: Enabled (32-bit)
 Heap Region Size: 1M
 Heap Min Capacity: 8M
 Heap Initial Capacity: 64M
 Heap Max Capacity: 994M
 Pre-touch: Disabled
 Parallel Workers: 4
 Concurrent Workers: 1
 Concurrent Refinement Workers: 4
 Periodic GC: Disabled

Heap:
 garbage-first heap   total 65536K, used 10240K [0x00000000c1e00000, 0x0000000100000000)
  region size 1024K, 8 young (8192K), 0 survivors (0K)
 Metaspace       used 5928K, committed 6144K, reserved 1114112K
  class space    used 650K, committed 768K, reserved 1048576K

Heap Regions: E=young(eden), S=young(survivor), O=old, HS=humongous(starts), HC=humongous(continues), CS=collection set, F=free, OA=open archive, CA=closed archive, TAMS=top-at-mark-start (previous, next)
|   0|0x00000000c1e00000, 0x00000000c1f00000, 0x00000000c1f00000|100%|HS|  |TAMS 0x00000000c1e00000, 0x00000000c1e00000| Complete 
|   1|0x00000000c1f00000, 0x00000000c2000000, 0x00000000c2000000|100%|HC|  |TAMS 0x00000000c1f00000, 0x00000000c1f00000| Complete 
|   2|0x00000000c2000000, 0x00000000c2100000, 0x00000000c2100000|100%|HC|  |TAMS 0x00000000c2000000, 0x00000000c2000000| Complete 
|   3|0x00000000c2100000, 0x00000000c2100000, 0x00000000c2200000|  0%| F|  |TAMS 0x00000000c2100000, 0x00000000c2100000| Untracked 
|   4|0x00000000c2200000, 0x00000000c2200000, 0x00000000c2300000|  0%| F|  |TAMS 0x00000000c2200000, 0x00000000c2200000| Untracked 
|   5|0x00000000c2300000, 0x00000000c2300000, 0x00000000c2400000|  0%| F|  |TAMS 0x00000000c2300000, 0x00000000c2300000| Untracked 
|   6|0x00000000c2400000, 0x00000000c2400000, 0x00000000c2500000|  0%| F|  |TAMS 0x00000000c2400000, 0x00000000c2400000| Untracked 
|   7|0x00000000c2500000, 0x00000000c2500000, 0x00000000c2600000|  0%| F|  |TAMS 0x00000000c2500000, 0x00000000c2500000| Untracked 
|   8|0x00000000c2600000, 0x00000000c2600000, 0x00000000c2700000|  0%| F|  |TAMS 0x00000000c2600000, 0x00000000c2600000| Untracked 
|   9|0x00000000c2700000, 0x00000000c2700000, 0x00000000c2800000|  0%| F|  |TAMS 0x00000000c2700000, 0x00000000c2700000| Untracked 
|  10|0x00000000c2800000, 0x00000000c2800000, 0x00000000c2900000|  0%| F|  |TAMS 0x00000000c2800000, 0x00000000c2800000| Untracked 
|  11|0x00000000c2900000, 0x00000000c2900000, 0x00000000c2a00000|  0%| F|  |TAMS 0x00000000c2900000, 0x00000000c2900000| Untracked 
|  12|0x00000000c2a00000, 0x00000000c2a00000, 0x00000000c2b00000|  0%| F|  |TAMS 0x00000000c2a00000, 0x00000000c2a00000| Untracked 
|  13|0x00000000c2b00000, 0x00000000c2b00000, 0x00000000c2c00000|  0%| F|  |TAMS 0x00000000c2b00000, 0x00000000c2b00000| Untracked 
|  14|0x00000000c2c00000, 0x00000000c2c00000, 0x00000000c2d00000|  0%| F|  |TAMS 0x00000000c2c00000, 0x00000000c2c00000| Untracked 
|  15|0x00000000c2d00000, 0x00000000c2d00000, 0x00000000c2e00000|  0%| F|  |TAMS 0x00000000c2d00000, 0x00000000c2d00000| Untracked 
|  16|0x00000000c2e00000, 0x00000000c2e00000, 0x00000000c2f00000|  0%| F|  |TAMS 0x00000000c2e00000, 0x00000000c2e00000| Untracked 
|  17|0x00000000c2f00000, 0x00000000c2f00000, 0x00000000c3000000|  0%| F|  |TAMS 0x00000000c2f00000, 0x00000000c2f00000| Untracked 
|  18|0x00000000c3000000, 0x00000000c3000000, 0x00000000c3100000|  0%| F|  |TAMS 0x00000000c3000000, 0x00000000c3000000| Untracked 
|  19|0x00000000c3100000, 0x00000000c3100000, 0x00000000c3200000|  0%| F|  |TAMS 0x00000000c3100000, 0x00000000c3100000| Untracked 
|  20|0x00000000c3200000, 0x00000000c3200000, 0x00000000c3300000|  0%| F|  |TAMS 0x00000000c3200000, 0x00000000c3200000| Untracked 
|  21|0x00000000c3300000, 0x00000000c3300000, 0x00000000c3400000|  0%| F|  |TAMS 0x00000000c3300000, 0x00000000c3300000| Untracked 
|  22|0x00000000c3400000, 0x00000000c3400000, 0x00000000c3500000|  0%| F|  |TAMS 0x00000000c3400000, 0x00000000c3400000| Untracked 
|  23|0x00000000c3500000, 0x00000000c3500000, 0x00000000c3600000|  0%| F|  |TAMS 0x00000000c3500000, 0x00000000c3500000| Untracked 
|  24|0x00000000c3600000, 0x00000000c3600000, 0x00000000c3700000|  0%| F|  |TAMS 0x00000000c3600000, 0x00000000c3600000| Untracked 
|  25|0x00000000c3700000, 0x00000000c3700000, 0x00000000c3800000|  0%| F|  |TAMS 0x00000000c3700000, 0x00000000c3700000| Untracked 
|  26|0x00000000c3800000, 0x00000000c3800000, 0x00000000c3900000|  0%| F|  |TAMS 0x00000000c3800000, 0x00000000c3800000| Untracked 
|  27|0x00000000c3900000, 0x00000000c3900000, 0x00000000c3a00000|  0%| F|  |TAMS 0x00000000c3900000, 0x00000000c3900000| Untracked 
|  28|0x00000000c3a00000, 0x00000000c3a00000, 0x00000000c3b00000|  0%| F|  |TAMS 0x00000000c3a00000, 0x00000000c3a00000| Untracked 
|  29|0x00000000c3b00000, 0x00000000c3b00000, 0x00000000c3c00000|  0%| F|  |TAMS 0x00000000c3b00000, 0x00000000c3b00000| Untracked 
|  30|0x00000000c3c00000, 0x00000000c3c00000, 0x00000000c3d00000|  0%| F|  |TAMS 0x00000000c3c00000, 0x00000000c3c00000| Untracked 
|  31|0x00000000c3d00000, 0x00000000c3d00000, 0x00000000c3e00000|  0%| F|  |TAMS 0x00000000c3d00000, 0x00000000c3d00000| Untracked 
|  32|0x00000000c3e00000, 0x00000000c3e00000, 0x00000000c3f00000|  0%| F|  |TAMS 0x00000000c3e00000, 0x00000000c3e00000| Untracked 
|  33|0x00000000c3f00000, 0x00000000c3f00000, 0x00000000c4000000|  0%| F|  |TAMS 0x00000000c3f00000, 0x00000000c3f00000| Untracked 
|  34|0x00000000c4000000, 0x00000000c4000000, 0x00000000c4100000|  0%| F|  |TAMS 0x00000000c4000000, 0x00000000c4000000| Untracked 
|  35|0x00000000c4100000, 0x00000000c4100000, 0x00000000c4200000|  0%| F|  |TAMS 0x00000000c4100000, 0x00000000c4100000| Untracked 
|  36|0x00000000c4200000, 0x00000000c4200000, 0x00000000c4300000|  0%| F|  |TAMS 0x00000000c4200000, 0x00000000c4200000| Untracked 
|  37|0x00000000c4300000, 0x00000000c4300000, 0x00000000c4400000|  0%| F|  |TAMS 0x00000000c4300000, 0x00000000c4300000| Untracked 
|  38|0x00000000c4400000, 0x00000000c4400000, 0x00000000c4500000|  0%| F|  |TAMS 0x00000000c4400000, 0x00000000c4400000| Untracked 
|  39|0x00000000c4500000, 0x00000000c4500000, 0x00000000c4600000|  0%| F|  |TAMS 0x00000000c4500000, 0x00000000c4500000| Untracked 
|  40|0x00000000c4600000, 0x00000000c4600000, 0x00000000c4700000|  0%| F|  |TAMS 0x00000000c4600000, 0x00000000c4600000| Untracked 
|  41|0x00000000c4700000, 0x00000000c4700000, 0x00000000c4800000|  0%| F|  |TAMS 0x00000000c4700000, 0x00000000c4700000| Untracked 
|  42|0x00000000c4800000, 0x00000000c4800000, 0x00000000c4900000|  0%| F|  |TAMS 0x00000000c4800000, 0x00000000c4800000| Untracked 
|  43|0x00000000c4900000, 0x00000000c4900000, 0x00000000c4a00000|  0%| F|  |TAMS 0x00000000c4900000, 0x00000000c4900000| Untracked 
|  44|0x00000000c4a00000, 0x00000000c4a00000, 0x00000000c4b00000|  0%| F|  |TAMS 0x00000000c4a00000, 0x00000000c4a00000| Untracked 
|  45|0x00000000c4b00000, 0x00000000c4b00000, 0x00000000c4c00000|  0%| F|  |TAMS 0x00000000c4b00000, 0x00000000c4b00000| Untracked 
|  46|0x00000000c4c00000, 0x00000000c4c00000, 0x00000000c4d00000|  0%| F|  |TAMS 0x00000000c4c00000, 0x00000000c4c00000| Untracked 
|  47|0x00000000c4d00000, 0x00000000c4d00000, 0x00000000c4e00000|  0%| F|  |TAMS 0x00000000c4d00000, 0x00000000c4d00000| Untracked 
|  48|0x00000000c4e00000, 0x00000000c4e00000, 0x00000000c4f00000|  0%| F|  |TAMS 0x00000000c4e00000, 0x00000000c4e00000| Untracked 
|  49|0x00000000c4f00000, 0x00000000c4f00000, 0x00000000c5000000|  0%| F|  |TAMS 0x00000000c4f00000, 0x00000000c4f00000| Untracked 
|  50|0x00000000c5000000, 0x00000000c5000000, 0x00000000c5100000|  0%| F|  |TAMS 0x00000000c5000000, 0x00000000c5000000| Untracked 
|  51|0x00000000c5100000, 0x00000000c5100000, 0x00000000c5200000|  0%| F|  |TAMS 0x00000000c5100000, 0x00000000c5100000| Untracked 
|  52|0x00000000c5200000, 0x00000000c5200000, 0x00000000c5300000|  0%| F|  |TAMS 0x00000000c5200000, 0x00000000c5200000| Untracked 
|  53|0x00000000c5300000, 0x00000000c5300000, 0x00000000c5400000|  0%| F|  |TAMS 0x00000000c5300000, 0x00000000c5300000| Untracked 
|  54|0x00000000c5400000, 0x00000000c5400000, 0x00000000c5500000|  0%| F|  |TAMS 0x00000000c5400000, 0x00000000c5400000| Untracked 
|  55|0x00000000c5500000, 0x00000000c5500000, 0x00000000c5600000|  0%| F|  |TAMS 0x00000000c5500000, 0x00000000c5500000| Untracked 
|  56|0x00000000c5600000, 0x00000000c5700000, 0x00000000c5700000|100%| E|  |TAMS 0x00000000c5600000, 0x00000000c5600000| Complete 
|  57|0x00000000c5700000, 0x00000000c5800000, 0x00000000c5800000|100%| E|CS|TAMS 0x00000000c5700000, 0x00000000c5700000| Complete 
|  58|0x00000000c5800000, 0x00000000c5900000, 0x00000000c5900000|100%| E|CS|TAMS 0x00000000c5800000, 0x00000000c5800000| Complete 
|  59|0x00000000c5900000, 0x00000000c5a00000, 0x00000000c5a00000|100%| E|CS|TAMS 0x00000000c5900000, 0x00000000c5900000| Complete 
|  60|0x00000000c5a00000, 0x00000000c5b00000, 0x00000000c5b00000|100%| E|CS|TAMS 0x00000000c5a00000, 0x00000000c5a00000| Complete 
|  61|0x00000000c5b00000, 0x00000000c5c00000, 0x00000000c5c00000|100%| E|CS|TAMS 0x00000000c5b00000, 0x00000000c5b00000| Complete 
|  62|0x00000000c5c00000, 0x00000000c5d00000, 0x00000000c5d00000|100%| E|CS|TAMS 0x00000000c5c00000, 0x00000000c5c00000| Complete 
|  63|0x00000000c5d00000, 0x00000000c5e00000, 0x00000000c5e00000|100%| E|CS|TAMS 0x00000000c5d00000, 0x00000000c5d00000| Complete 

Card table byte_map: [0x00000127f6ed0000,0x00000127f70d0000] _byte_map_base: 0x00000127f68c1000

Marking Bits (Prev, Next): (CMBitMap*) 0x00000127ef3d0c70, (CMBitMap*) 0x00000127ef3d0cb0
 Prev Bits: [0x00000127f72d0000, 0x00000127f8258000)
 Next Bits: [0x00000127f8260000, 0x00000127f91e8000)

Polling page: 0x00000127ed2c0000

Metaspace:

Usage:
  Non-class:      5.15 MB used.
      Class:    650.59 KB used.
       Both:      5.79 MB used.

Virtual space:
  Non-class space:       64.00 MB reserved,       5.25 MB (  8%) committed,  1 nodes.
      Class space:        1.00 GB reserved,     768.00 KB ( <1%) committed,  1 nodes.
             Both:        1.06 GB reserved,       6.00 MB ( <1%) committed. 

Chunk freelists:
   Non-Class:  2.38 MB
       Class:  3.24 MB
        Both:  5.63 MB

MaxMetaspaceSize: unlimited
CompressedClassSpaceSize: 1.00 GB
Initial GC threshold: 21.00 MB
Current GC threshold: 21.00 MB
CDS: on
MetaspaceReclaimPolicy: balanced
 - commit_granule_bytes: 65536.
 - commit_granule_words: 8192.
 - virtual_space_node_default_size: 8388608.
 - enlarge_chunks_in_place: 1.
 - new_chunks_are_fully_committed: 0.
 - uncommit_free_chunks: 1.
 - use_allocation_guard: 0.


Internal statistics:

num_allocs_failed_limit: 0.
num_arena_births: 112.
num_arena_deaths: 0.
num_vsnodes_births: 2.
num_vsnodes_deaths: 0.
num_space_committed: 96.
num_space_uncommitted: 0.
num_chunks_returned_to_freelist: 0.
num_chunks_taken_from_freelist: 155.
num_chunk_merges: 0.
num_chunk_splits: 85.
num_chunks_enlarged: 21.
num_inconsistent_stats: 0.

CodeHeap 'non-profiled nmethods': size=120000Kb used=222Kb max_used=222Kb free=119777Kb
 bounds [0x0000012787ad0000, 0x0000012787d40000, 0x000001278f000000]
CodeHeap 'profiled nmethods': size=120000Kb used=1388Kb max_used=1388Kb free=118611Kb
 bounds [0x00000127805a0000, 0x0000012780810000, 0x0000012787ad0000]
CodeHeap 'non-nmethods': size=5760Kb used=1231Kb max_used=1249Kb free=4528Kb
 bounds [0x0000012780000000, 0x0000012780270000, 0x00000127805a0000]
 total_blobs=1317 nmethods=786 adapters=444
 compilation: enabled
              stopped_count=0, restarted_count=0
 full_count=0

Compilation events (20 events):
Event: 1.811 Thread 0x00000127fb63b460  767       3       java.awt.ImageMediaEntry::imageUpdate (51 bytes)
Event: 1.812 Thread 0x00000127fb63b460 nmethod 767 0x00000127806ee090 code [0x00000127806ee280, 0x00000127806ee968]
Event: 1.812 Thread 0x00000127fb63b460  768       3       sun.awt.image.ImageDecoder::setPixels (58 bytes)
Event: 1.813 Thread 0x00000127fb63b460 nmethod 768 0x00000127806eeb90 code [0x00000127806eed80, 0x00000127806ef4c8]
Event: 1.813 Thread 0x00000127fb63b460  769       3       sun.awt.image.IntegerInterleavedRaster::setDataElements (134 bytes)
Event: 1.813 Thread 0x00000127fb62ab50 nmethod 751 0x0000012787b06810 code [0x0000012787b069a0, 0x0000012787b07298]
Event: 1.814 Thread 0x00000127fb63b460 nmethod 769 0x00000127806ef810 code [0x00000127806efa00, 0x00000127806f0098]
Event: 1.815 Thread 0x00000127fb63b460  770 %     3       sun.awt.image.PNGImageDecoder::filterRow @ 47 (460 bytes)
Event: 1.817 Thread 0x00000127fb63b460 nmethod 770% 0x00000127806f0310 code [0x00000127806f05a0, 0x00000127806f1648]
Event: 1.818 Thread 0x00000127fb63b460  771       3       sun.awt.image.PNGImageDecoder::filterRow (460 bytes)
Event: 1.818 Thread 0x00000127fb62ab50  772 % !   4       sun.awt.image.PNGImageDecoder::produceImage @ 960 (1917 bytes)
Event: 1.819 Thread 0x00000127fb63b460 nmethod 771 0x00000127806f1e90 code [0x00000127806f2120, 0x00000127806f2f68]
Event: 1.819 Thread 0x00000127fb63b460  773       3       sun.awt.image.PNGImageDecoder::sendPixels (44 bytes)
Event: 1.819 Thread 0x00000127fb63b460 nmethod 773 0x00000127806f3710 code [0x00000127806f38c0, 0x00000127806f3b48]
Event: 1.833 Thread 0x00000127fb63b460  775  s    3       sun.awt.image.InputStreamImageSource::doneDecoding (25 bytes)
Event: 1.834 Thread 0x00000127fb63b460 nmethod 775 0x00000127806f3c10 code [0x00000127806f3dc0, 0x00000127806f4048]
Event: 1.834 Thread 0x00000127fb63b460  776       3       sun.awt.image.InputStreamImageSource::latchConsumers (6 bytes)
Event: 1.834 Thread 0x00000127fb63b460 nmethod 776 0x00000127806f4110 code [0x00000127806f42c0, 0x00000127806f4668]
Event: 1.834 Thread 0x00000127fb63b460  777       3       sun.awt.image.ImageDecoder::setPixels (58 bytes)
Event: 1.835 Thread 0x00000127fb63b460 nmethod 777 0x00000127806f4790 code [0x00000127806f4980, 0x00000127806f5108]

GC Heap History (0 events):
No events

Deoptimization events (20 events):
Event: 1.844 Thread 0x00000127ffbbe110 DEOPT PACKING pc=0x00000127806f2cde sp=0x00000001235fefc0
Event: 1.844 Thread 0x00000127ffbbe110 DEOPT UNPACKING pc=0x0000012780052b43 sp=0x00000001235fe460 mode 0
Event: 1.845 Thread 0x00000127ffbbe110 DEOPT PACKING pc=0x00000127806f2e6d sp=0x00000001235fefc0
Event: 1.845 Thread 0x00000127ffbbe110 DEOPT UNPACKING pc=0x0000012780052b43 sp=0x00000001235fe460 mode 0
Event: 1.847 Thread 0x00000127ffbbe110 DEOPT PACKING pc=0x00000127806f2e6d sp=0x00000001235fefc0
Event: 1.847 Thread 0x00000127ffbbe110 DEOPT UNPACKING pc=0x0000012780052b43 sp=0x00000001235fe460 mode 0
Event: 1.847 Thread 0x00000127ffbbe110 DEOPT PACKING pc=0x00000127806f2e6d sp=0x00000001235fefc0
Event: 1.847 Thread 0x00000127ffbbe110 DEOPT UNPACKING pc=0x0000012780052b43 sp=0x00000001235fe460 mode 0
Event: 1.850 Thread 0x00000127ffbbe110 DEOPT PACKING pc=0x00000127806f2e6d sp=0x00000001235fefc0
Event: 1.850 Thread 0x00000127ffbbe110 DEOPT UNPACKING pc=0x0000012780052b43 sp=0x00000001235fe460 mode 0
Event: 1.851 Thread 0x00000127ffbbe110 DEOPT PACKING pc=0x00000127806f2e6d sp=0x00000001235fefc0
Event: 1.851 Thread 0x00000127ffbbe110 DEOPT UNPACKING pc=0x0000012780052b43 sp=0x00000001235fe460 mode 0
Event: 1.852 Thread 0x00000127ffbbe110 DEOPT PACKING pc=0x00000127806f2e6d sp=0x00000001235fefc0
Event: 1.852 Thread 0x00000127ffbbe110 DEOPT UNPACKING pc=0x0000012780052b43 sp=0x00000001235fe460 mode 0
Event: 1.853 Thread 0x00000127ffbbe110 DEOPT PACKING pc=0x00000127806f2e6d sp=0x00000001235fefc0
Event: 1.853 Thread 0x00000127ffbbe110 DEOPT UNPACKING pc=0x0000012780052b43 sp=0x00000001235fe460 mode 0
Event: 1.854 Thread 0x00000127ffbbe110 DEOPT PACKING pc=0x00000127806f2cde sp=0x00000001235fefc0
Event: 1.854 Thread 0x00000127ffbbe110 DEOPT UNPACKING pc=0x0000012780052b43 sp=0x00000001235fe460 mode 0
Event: 1.855 Thread 0x00000127ffbbe110 DEOPT PACKING pc=0x00000127806f2cde sp=0x00000001235fefc0
Event: 1.855 Thread 0x00000127ffbbe110 DEOPT UNPACKING pc=0x0000012780052b43 sp=0x00000001235fe460 mode 0

Classes loaded (20 events):
Event: 1.413 Loading class java/awt/image/SampleModel done
Event: 1.413 Loading class java/awt/image/SinglePixelPackedSampleModel done
Event: 1.414 Loading class sun/awt/image/IntegerInterleavedRaster
Event: 1.414 Loading class sun/awt/image/IntegerComponentRaster
Event: 1.414 Loading class sun/awt/image/IntegerComponentRaster done
Event: 1.414 Loading class sun/awt/image/IntegerInterleavedRaster done
Event: 1.415 Loading class java/awt/image/BufferedImage
Event: 1.417 Loading class java/awt/image/WritableRenderedImage
Event: 1.417 Loading class java/awt/image/RenderedImage
Event: 1.417 Loading class java/awt/image/RenderedImage done
Event: 1.417 Loading class java/awt/image/WritableRenderedImage done
Event: 1.417 Loading class java/awt/image/BufferedImage done
Event: 1.419 Loading class java/awt/image/BufferedImage$1
Event: 1.420 Loading class java/awt/image/BufferedImage$1 done
Event: 1.820 Loading class java/awt/image/ReplicateScaleFilter
Event: 1.820 Loading class java/awt/image/ImageFilter
Event: 1.820 Loading class java/awt/image/ImageFilter done
Event: 1.821 Loading class java/awt/image/ReplicateScaleFilter done
Event: 1.821 Loading class java/awt/image/FilteredImageSource
Event: 1.821 Loading class java/awt/image/FilteredImageSource done

Classes unloaded (0 events):
No events

Classes redefined (0 events):
No events

Internal exceptions (17 events):
Event: 0.185 Thread 0x00000127ef38f830 Exception <a 'sun/nio/fs/WindowsException'{0x00000000c5c3a528}> (0x00000000c5c3a528) 
thrown [s\open\src\hotspot\share\prims\jni.cpp, line 516]
Event: 0.187 Thread 0x00000127ef38f830 Exception <a 'sun/nio/fs/WindowsException'{0x00000000c5c3aab0}> (0x00000000c5c3aab0) 
thrown [s\open\src\hotspot\share\prims\jni.cpp, line 516]
Event: 0.192 Thread 0x00000127ef38f830 Exception <a 'sun/nio/fs/WindowsException'{0x00000000c5c3cf98}> (0x00000000c5c3cf98) 
thrown [s\open\src\hotspot\share\prims\jni.cpp, line 516]
Event: 0.193 Thread 0x00000127ef38f830 Exception <a 'sun/nio/fs/WindowsException'{0x00000000c5c3dab0}> (0x00000000c5c3dab0) 
thrown [s\open\src\hotspot\share\prims\jni.cpp, line 516]
Event: 0.326 Thread 0x00000127ef38f830 Exception <a 'java/lang/ClassNotFoundException'{0x00000000c5cffbf8}: sun/awt/resources/spi/awtProvider> (0x00000000c5cffbf8) 
thrown [s\open\src\hotspot\share\classfile\systemDictionary.cpp, line 255]
Event: 0.390 Thread 0x00000127ef38f830 Exception <a 'java/io/FileNotFoundException'{0x00000000c5b539f8}> (0x00000000c5b539f8) 
thrown [s\open\src\hotspot\share\prims\jni.cpp, line 516]
Event: 0.419 Thread 0x00000127ef38f830 Exception <a 'java/io/FileNotFoundException'{0x00000000c5b80ae0}> (0x00000000c5b80ae0) 
thrown [s\open\src\hotspot\share\prims\jni.cpp, line 516]
Event: 0.773 Thread 0x00000127ef38f830 Exception <a 'java/lang/NoSuchMethodError'{0x00000000c5bc5160}: 'java.lang.Object java.lang.invoke.DirectMethodHandle$Holder.invokeStaticInit(java.lang.Object)'> (0x00000000c5bc5160) 
thrown [s\open\src\hotspot\share\interpreter\linkResolver.cpp, line 759]
Event: 0.914 Thread 0x00000127ef38f830 Exception <a 'java/lang/NoSuchMethodError'{0x00000000c5a51d70}: 'void java.lang.invoke.DirectMethodHandle$Holder.invokeSpecial(java.lang.Object, java.lang.Object, java.lang.Object)'> (0x00000000c5a51d70) 
thrown [s\open\src\hotspot\share\interpreter\linkResolver.cpp, line 759]
Event: 0.931 Thread 0x00000127ef38f830 Exception <a 'java/lang/NoSuchMethodError'{0x00000000c5a7cd48}: 'java.lang.Object java.lang.invoke.DirectMethodHandle$Holder.newInvokeSpecial(java.lang.Object, java.lang.Object, java.lang.Object, java.lang.Object, java.lang.Object)'> (0x00000000c5a7cd48) 
thrown [s\open\src\hotspot\share\interpreter\linkResolver.cpp, line 759]
Event: 0.964 Thread 0x00000127ef38f830 Exception <a 'java/lang/NoSuchMethodError'{0x00000000c5aaeaa0}: 'java.lang.Object java.lang.invoke.DirectMethodHandle$Holder.invokeStatic(java.lang.Object, int, java.lang.Object)'> (0x00000000c5aaeaa0) 
thrown [s\open\src\hotspot\share\interpreter\linkResolver.cpp, line 759]
Event: 1.056 Thread 0x00000127ef38f830 Exception <a 'java/lang/ClassNotFoundException'{0x00000000c596baf8}: com/sun/swing/internal/plaf/metal/resources/spi/metalProvider> (0x00000000c596baf8) 
thrown [s\open\src\hotspot\share\classfile\systemDictionary.cpp, line 255]
Event: 1.060 Thread 0x00000127ef38f830 Exception <a 'java/lang/ClassNotFoundException'{0x00000000c596fb30}: com/sun/swing/internal/plaf/basic/resources/spi/basicProvider> (0x00000000c596fb30) 
thrown [s\open\src\hotspot\share\classfile\systemDictionary.cpp, line 255]
Event: 1.093 Thread 0x00000127ef38f830 Exception <a 'java/lang/NoSuchMethodError'{0x00000000c5990170}: 'int java.lang.invoke.Invokers$Holder.invokeExact_MT(java.lang.Object, java.lang.Object)'> (0x00000000c5990170) 
thrown [s\open\src\hotspot\share\interpreter\linkResolver.cpp, line 759]
Event: 1.111 Thread 0x00000127ef38f830 Exception <a 'java/lang/NoSuchMethodError'{0x00000000c5996a70}: 'void java.lang.invoke.DirectMethodHandle$Holder.invokeStatic(java.lang.Object, java.lang.Object, java.lang.Object)'> (0x00000000c5996a70) 
thrown [s\open\src\hotspot\share\interpreter\linkResolver.cpp, line 759]
Event: 1.119 Thread 0x00000127ef38f830 Exception <a 'java/lang/NoSuchMethodError'{0x00000000c599cf18}: 'void java.lang.invoke.DirectMethodHandle$Holder.invokeStatic(java.lang.Object, java.lang.Object)'> (0x00000000c599cf18) 
thrown [s\open\src\hotspot\share\interpreter\linkResolver.cpp, line 759]
Event: 1.363 Thread 0x00000127ffbbe110 Exception <a 'java/lang/NoSuchMethodError'{0x00000000c5752ad8}: 'java.lang.Object java.lang.invoke.DirectMethodHandle$Holder.newInvokeSpecial(java.lang.Object, java.lang.Object, java.lang.Object, int, int, int, int, int)'> (0x00000000c5752ad8) 
thrown [s\open\src\hotspot\share\interpreter\linkResolver.cpp, line 759]

VM Operations (8 events):
Event: 0.195 Executing VM operation: HandshakeAllThreads
Event: 0.195 Executing VM operation: HandshakeAllThreads done
Event: 1.176 Executing VM operation: HandshakeAllThreads
Event: 1.176 Executing VM operation: HandshakeAllThreads done
Event: 1.176 Executing VM operation: Cleanup
Event: 1.176 Executing VM operation: Cleanup done
Event: 1.820 Executing VM operation: HandshakeAllThreads
Event: 1.821 Executing VM operation: HandshakeAllThreads done

Events (20 events):
Event: 0.040 Thread 0x00000127fb60e9c0 Thread added: 0x00000127fb60e9c0
Event: 0.045 Thread 0x00000127fb610000 Thread added: 0x00000127fb610000
Event: 0.070 Thread 0x00000127fb6259e0 Thread added: 0x00000127fb6259e0
Event: 0.070 Thread 0x00000127fb626380 Thread added: 0x00000127fb626380
Event: 0.070 Thread 0x00000127fb6274c0 Thread added: 0x00000127fb6274c0
Event: 0.070 Thread 0x00000127fb627e60 Thread added: 0x00000127fb627e60
Event: 0.070 Thread 0x00000127fb62ab50 Thread added: 0x00000127fb62ab50
Event: 0.071 Thread 0x00000127fb63b460 Thread added: 0x00000127fb63b460
Event: 0.071 Thread 0x00000127fb651a50 Thread added: 0x00000127fb651a50
Event: 0.143 Thread 0x00000127ff9187e0 Thread added: 0x00000127ff9187e0
Event: 0.178 Loaded shared library C:\Program Files\Java\jdk-18.0.2.1\bin\net.dll
Event: 0.181 Loaded shared library C:\Program Files\Java\jdk-18.0.2.1\bin\nio.dll
Event: 0.218 Thread 0x00000127ff9bdec0 Thread added: 0x00000127ff9bdec0
Event: 0.237 Loaded shared library C:\Program Files\Java\jdk-18.0.2.1\bin\zip.dll
Event: 0.293 Loaded shared library C:\Program Files\Java\jdk-18.0.2.1\bin\jimage.dll
Event: 0.359 Loaded shared library C:\Program Files\Java\jdk-18.0.2.1\bin\awt.dll
Event: 0.775 Thread 0x00000127ffb6bad0 Thread added: 0x00000127ffb6bad0
Event: 0.777 Thread 0x00000127ffb30080 Thread added: 0x00000127ffb30080
Event: 0.786 Thread 0x00000127ffb30540 Thread added: 0x00000127ffb30540
Event: 1.199 Thread 0x00000127ffbbe110 Thread added: 0x00000127ffbbe110


Dynamic libraries:
0x00007ff713360000 - 0x00007ff713370000 	C:\Program Files\Java\jdk-18.0.2.1\bin\java.exe
0x00007ff953890000 - 0x00007ff953a88000 	C:\Windows\SYSTEM32\ntdll.dll
0x00007ff951ea0000 - 0x00007ff951f5f000 	C:\Windows\System32\KERNEL32.DLL
0x00007ff9515f0000 - 0x00007ff9518c2000 	C:\Windows\System32\KERNELBASE.dll
0x00007ff951020000 - 0x00007ff951120000 	C:\Windows\System32\ucrtbase.dll
0x00007ff902070000 - 0x00007ff90208a000 	C:\Program Files\Java\jdk-18.0.2.1\bin\VCRUNTIME140.dll
0x00007ff9128f0000 - 0x00007ff912908000 	C:\Program Files\Java\jdk-18.0.2.1\bin\jli.dll
0x00007ff952100000 - 0x00007ff9521ae000 	C:\Windows\System32\ADVAPI32.dll
0x00007ff953790000 - 0x00007ff95382e000 	C:\Windows\System32\msvcrt.dll
0x00007ff952750000 - 0x00007ff9527ec000 	C:\Windows\System32\sechost.dll
0x00007ff951fd0000 - 0x00007ff9520f5000 	C:\Windows\System32\RPCRT4.dll
0x00007ff951b90000 - 0x00007ff951d31000 	C:\Windows\System32\USER32.dll
0x00007ff951120000 - 0x00007ff951142000 	C:\Windows\System32\win32u.dll
0x00007ff9526c0000 - 0x00007ff9526eb000 	C:\Windows\System32\GDI32.dll
0x00007ff9511a0000 - 0x00007ff9512af000 	C:\Windows\System32\gdi32full.dll
0x00007ff950f80000 - 0x00007ff95101d000 	C:\Windows\System32\msvcp_win.dll
0x00007ff93ba80000 - 0x00007ff93bd1a000 	C:\Windows\WinSxS\amd64_microsoft.windows.common-controls_6595b64144ccf1df_6.0.19041.1110_none_60b5254171f9507e\COMCTL32.dll
0x00007ff9448d0000 - 0x00007ff9448da000 	C:\Windows\SYSTEM32\VERSION.dll
0x00007ff953630000 - 0x00007ff953662000 	C:\Windows\System32\IMM32.DLL
0x00007ff93abf0000 - 0x00007ff93abfc000 	C:\Program Files\Java\jdk-18.0.2.1\bin\vcruntime140_1.dll
0x00007ff947260000 - 0x00007ff9472ed000 	C:\Program Files\Java\jdk-18.0.2.1\bin\msvcp140.dll
0x00007ff900cb0000 - 0x00007ff9018c1000 	C:\Program Files\Java\jdk-18.0.2.1\bin\server\jvm.dll
0x00007ff953620000 - 0x00007ff953628000 	C:\Windows\System32\PSAPI.DLL
0x00007ff93b640000 - 0x00007ff93b667000 	C:\Windows\SYSTEM32\WINMM.dll
0x00007ff9393a0000 - 0x00007ff9393a9000 	C:\Windows\SYSTEM32\WSOCK32.dll
0x00007ff951f60000 - 0x00007ff951fcb000 	C:\Windows\System32\WS2_32.dll
0x00007ff94f7d0000 - 0x00007ff94f7e2000 	C:\Windows\SYSTEM32\kernel.appcore.dll
0x00007ff93ab00000 - 0x00007ff93ab0a000 	C:\Program Files\Java\jdk-18.0.2.1\bin\jimage.dll
0x00007ff94ed40000 - 0x00007ff94ef24000 	C:\Windows\SYSTEM32\DBGHELP.DLL
0x00007ff937f80000 - 0x00007ff937fb5000 	C:\Windows\SYSTEM32\dbgcore.DLL
0x00007ff9514f0000 - 0x00007ff951572000 	C:\Windows\System32\bcryptPrimitives.dll
0x00007ff902000000 - 0x00007ff902025000 	C:\Program Files\Java\jdk-18.0.2.1\bin\java.dll
0x00007ff900bd0000 - 0x00007ff900ca6000 	C:\Program Files\Java\jdk-18.0.2.1\bin\jsvml.dll
0x00007ff952ed0000 - 0x00007ff953614000 	C:\Windows\System32\SHELL32.dll
0x00007ff94f020000 - 0x00007ff94f7b2000 	C:\Windows\SYSTEM32\windows.storage.dll
0x00007ff9521b0000 - 0x00007ff952505000 	C:\Windows\System32\combase.dll
0x00007ff950900000 - 0x00007ff950930000 	C:\Windows\SYSTEM32\Wldp.dll
0x00007ff952510000 - 0x00007ff9525bd000 	C:\Windows\System32\SHCORE.dll
0x00007ff952e70000 - 0x00007ff952ec5000 	C:\Windows\System32\shlwapi.dll
0x00007ff950ec0000 - 0x00007ff950edf000 	C:\Windows\SYSTEM32\profapi.dll
0x00007ff900b70000 - 0x00007ff900b83000 	C:\Program Files\Java\jdk-18.0.2.1\bin\net.dll
0x00007ff93dcd0000 - 0x00007ff93dddc000 	C:\Windows\SYSTEM32\WINHTTP.dll
0x00007ff950660000 - 0x00007ff9506ca000 	C:\Windows\system32\mswsock.dll
0x00007ff900b50000 - 0x00007ff900b66000 	C:\Program Files\Java\jdk-18.0.2.1\bin\nio.dll
0x00007ff900b30000 - 0x00007ff900b48000 	C:\Program Files\Java\jdk-18.0.2.1\bin\zip.dll
0x00007ff9472f0000 - 0x00007ff94747f000 	C:\Program Files\Java\jdk-18.0.2.1\bin\awt.dll
0x00007ff951d40000 - 0x00007ff951e0d000 	C:\Windows\System32\OLEAUT32.dll
0x00007ff94e420000 - 0x00007ff94e4b1000 	C:\Windows\SYSTEM32\apphelp.dll
0x00007ff94e7b0000 - 0x00007ff94e7df000 	C:\Windows\system32\DWMAPI.DLL
0x00007ff94e5d0000 - 0x00007ff94e66e000 	C:\Windows\system32\uxtheme.dll
0x00007ff924650000 - 0x00007ff924775000 	C:\Windows\system32\opengl32.dll
0x00007ff924c00000 - 0x00007ff924c2c000 	C:\Windows\SYSTEM32\GLU32.dll
0x00007ff953670000 - 0x00007ff953785000 	C:\Windows\System32\MSCTF.dll
0x00007ff952c60000 - 0x00007ff952d8a000 	C:\Windows\System32\ole32.dll

dbghelp: loaded successfully - version: 4.0.5 - missing functions: none
symbol engine: initialized successfully - sym options: 0x614 - pdb path: .;C:\Program Files\Java\jdk-18.0.2.1\bin;C:\Windows\SYSTEM32;C:\Windows\WinSxS\amd64_microsoft.windows.common-controls_6595b64144ccf1df_6.0.19041.1110_none_60b5254171f9507e;C:\Program Files\Java\jdk-18.0.2.1\bin\server

VM Arguments:
jvm_args: -Dfile.encoding=UTF-8 --module-path=C:\Users\USER\Documents\NetBeansProjects\Electricity Billing System\build\classes 
java_command: electricity.billing.system.Login
java_class_path (initial): C:\Users\USER\Downloads\mysql-connector-java-8.0.28.jar;C:\Users\USER\Documents\NetBeansProjects\Electricity Billing System\build\classes
Launcher Type: SUN_STANDARD

[Global flags]
     intx CICompilerCount                          = 3                                         {product} {ergonomic}
     uint ConcGCThreads                            = 1                                         {product} {ergonomic}
     uint G1ConcRefinementThreads                  = 4                                         {product} {ergonomic}
   size_t G1HeapRegionSize                         = 1048576                                   {product} {ergonomic}
    uintx GCDrainStackTargetSize                   = 64                                        {product} {ergonomic}
   size_t InitialHeapSize                          = 67108864                                  {product} {ergonomic}
   size_t MarkStackSize                            = 4194304                                   {product} {ergonomic}
   size_t MaxHeapSize                              = 1042284544                                {product} {ergonomic}
   size_t MaxNewSize                               = 624951296                                 {product} {ergonomic}
   size_t MinHeapDeltaBytes                        = 1048576                                   {product} {ergonomic}
   size_t MinHeapSize                              = 8388608                                   {product} {ergonomic}
    uintx NonNMethodCodeHeapSize                   = 5832780                                {pd product} {ergonomic}
    uintx NonProfiledCodeHeapSize                  = 122912730                              {pd product} {ergonomic}
    uintx ProfiledCodeHeapSize                     = 122912730                              {pd product} {ergonomic}
    uintx ReservedCodeCacheSize                    = 251658240                              {pd product} {ergonomic}
     bool SegmentedCodeCache                       = true                                      {product} {ergonomic}
   size_t SoftMaxHeapSize                          = 1042284544                             {manageable} {ergonomic}
     bool UseCompressedClassPointers               = true                           {product lp64_product} {ergonomic}
     bool UseCompressedOops                        = true                           {product lp64_product} {ergonomic}
     bool UseG1GC                                  = true                                      {product} {ergonomic}
     bool UseLargePagesIndividualAllocation        = false                                  {pd product} {ergonomic}

Logging:
Log output configuration:
 #0: stdout all=warning uptime,level,tags foldmultilines=false
 #1: stderr all=off uptime,level,tags foldmultilines=false

Environment Variables:
PATH=C:\Program Files\Common Files\Oracle\Java\javapath;C:\Program Files (x86)\Common Files\Oracle\Java\javapath;C:\Program Files\Eclipse Adoptium\jdk-17.0.3.7-hotspot\bin;C:\Windows\system32;C:\Windows;C:\Windows\System32\Wbem;C:\Windows\System32\WindowsPowerShell\v1.0\;C:\Windows\System32\OpenSSH\;C:\Program Files\nodejs\;C:\Program Files\Git\cmd;C:\Program Files\MongoDB\Server\6.0\bin;C:\Program Files\MongoDB\Server\6.0\bin;C:\MinGW\bin;C:\Program Files\MySQL\MySQL Shell 8.0\bin\;C:\Users\USER\AppData\Local\Microsoft\WindowsApps;C:\Users\USER\AppData\Local\Programs\Microsoft VS Code\bin;C:\Users\USER\AppData\Roaming\npm;C:\MinGW\bin;C:\Program Files\Java\jdk-17.0.5\bin;
USERNAME=USER
OS=Windows_NT
PROCESSOR_IDENTIFIER=Intel64 Family 6 Model 142 Stepping 9, GenuineIntel



---------------  S Y S T E M  ---------------

OS:
 Windows 10 , 64 bit Build 19041 (10.0.19041.2364)
OS uptime: 0 days 1:35 hours

CPU: total 4 (initial active 4) (2 cores per cpu, 2 threads per core) family 6 model 142 stepping 9 microcode 0xb4, cx8, cmov, fxsr, ht, mmx, 3dnowpref, sse, sse2, sse3, ssse3, sse4.1, sse4.2, popcnt, lzcnt, tsc, tscinvbit, avx, avx2, aes, erms, clmul, bmi1, bmi2, adx, fma, vzeroupper, clflush, clflushopt

Memory: 4k page, system-wide physical 3974M (302M free)
TotalPageFile size 16262M (AvailPageFile size 2M)
current process WorkingSet (physical memory assigned to process): 56M, peak: 56M
current process commit charge ("private bytes"): 146M, peak: 147M

vm_info: Java HotSpot(TM) 64-Bit Server VM (18.0.2.1+1-1) for windows-amd64 JRE (18.0.2.1+1-1), built on Aug 16 2022 01:46:33 by "mach5one" with MS VC++ 16.8 / 16.9 (VS2019)

END.
